2025-07-21 00:00:00 [info]: Parsed 50 jobs from https://jobicy.com/?feed=job_feed
2025-07-21 00:00:01 [info]: Parsed 7 jobs from https://jobicy.com/?feed=job_feed&job_categories=smm&job_types=full-time
2025-07-21 00:00:02 [info]: Parsed 11 jobs from https://jobicy.com/?feed=job_feed&job_categories=seller&job_types=full-time&search_region=france
2025-07-21 00:00:02 [info]: Parsed 50 jobs from https://jobicy.com/?feed=job_feed&job_categories=design-multimedia
2025-07-21 00:00:03 [info]: Parsed 50 jobs from https://jobicy.com/?feed=job_feed&job_categories=data-science
2025-07-21 00:00:03 [info]: Parsed 33 jobs from https://jobicy.com/?feed=job_feed&job_categories=copywriting
2025-07-21 00:00:03 [info]: Parsed 50 jobs from https://jobicy.com/?feed=job_feed&job_categories=business
2025-07-21 00:00:04 [info]: Parsed 50 jobs from https://jobicy.com/?feed=job_feed&job_categories=management
2025-07-21 00:00:04 [warn]: No items found in feed: https://www.higheredjobs.com/rss/articleFeed.cfm
2025-07-21 00:00:55 [info]: Initial fetch and queue on app start...
2025-07-21 00:00:55 [info]: Redis connected
2025-07-21 00:00:55 [info]: MongoDB connected: localhost
2025-07-21 00:00:57 [info]: Parsed 50 jobs from https://jobicy.com/?feed=job_feed
2025-07-21 00:00:58 [info]: Parsed 7 jobs from https://jobicy.com/?feed=job_feed&job_categories=smm&job_types=full-time
2025-07-21 00:00:58 [info]: Parsed 11 jobs from https://jobicy.com/?feed=job_feed&job_categories=seller&job_types=full-time&search_region=france
2025-07-21 00:00:59 [info]: Parsed 50 jobs from https://jobicy.com/?feed=job_feed&job_categories=design-multimedia
2025-07-21 00:00:59 [info]: Parsed 50 jobs from https://jobicy.com/?feed=job_feed&job_categories=data-science
2025-07-21 00:01:00 [info]: Parsed 33 jobs from https://jobicy.com/?feed=job_feed&job_categories=copywriting
2025-07-21 00:01:00 [info]: Parsed 50 jobs from https://jobicy.com/?feed=job_feed&job_categories=business
2025-07-21 00:01:00 [info]: Parsed 50 jobs from https://jobicy.com/?feed=job_feed&job_categories=management
2025-07-21 00:01:00 [warn]: No items found in feed: https://www.higheredjobs.com/rss/articleFeed.cfm
2025-07-21 00:06:10 [info]: Initial fetch and queue on app start...
2025-07-21 00:06:10 [info]: Redis connected
2025-07-21 00:06:10 [info]: MongoDB connected: ac-v6wuotg-shard-00-00.ponmbct.mongodb.net
2025-07-21 00:06:11 [info]: Parsed 50 jobs from https://jobicy.com/?feed=job_feed
2025-07-21 00:06:12 [info]: Parsed 7 jobs from https://jobicy.com/?feed=job_feed&job_categories=smm&job_types=full-time
2025-07-21 00:06:13 [info]: Parsed 11 jobs from https://jobicy.com/?feed=job_feed&job_categories=seller&job_types=full-time&search_region=france
2025-07-21 00:06:14 [info]: Parsed 50 jobs from https://jobicy.com/?feed=job_feed&job_categories=design-multimedia
2025-07-21 00:06:15 [info]: Parsed 50 jobs from https://jobicy.com/?feed=job_feed&job_categories=data-science
2025-07-21 00:06:16 [info]: Parsed 33 jobs from https://jobicy.com/?feed=job_feed&job_categories=copywriting
2025-07-21 00:06:17 [info]: Parsed 50 jobs from https://jobicy.com/?feed=job_feed&job_categories=business
2025-07-21 00:06:18 [info]: Parsed 50 jobs from https://jobicy.com/?feed=job_feed&job_categories=management
2025-07-21 00:06:19 [warn]: No items found in feed: https://www.higheredjobs.com/rss/articleFeed.cfm
2025-07-21 00:06:21 [info]: Job 2 has been completed.
2025-07-21 00:06:21 [info]: Job 1 has been completed.
2025-07-21 00:06:21 [info]: Job 5 has been completed.
2025-07-21 00:06:21 [info]: Job 6 has been completed.
2025-07-21 00:06:21 [info]: Job 8 has been completed.
2025-07-21 00:06:21 [info]: Job 3 has been completed.
2025-07-21 00:06:21 [info]: Job 4 has been completed.
2025-07-21 00:06:21 [info]: Job 9 has been completed.
2025-07-21 00:06:21 [info]: Job 10 has been completed.
2025-07-21 00:06:21 [info]: Job 12 has been completed.
2025-07-21 00:06:21 [info]: Job 11 has been completed.
2025-07-21 00:06:21 [info]: Job 7 has been completed.
2025-07-21 00:06:21 [info]: Job 13 has been completed.
2025-07-21 00:06:21 [info]: Job 15 has been completed.
2025-07-21 00:06:21 [info]: Job 14 has been completed.
2025-07-21 00:06:21 [info]: Job 16 has been completed.
2025-07-21 00:06:21 [info]: Job 17 has been completed.
2025-07-21 00:06:21 [info]: Job 18 has been completed.
2025-07-21 00:06:21 [info]: Job 19 has been completed.
2025-07-21 00:06:21 [info]: Job 20 has been completed.
2025-07-21 00:06:21 [info]: Job 21 has been completed.
2025-07-21 00:06:21 [info]: Job 22 has been completed.
2025-07-21 00:06:21 [info]: Job 23 has been completed.
2025-07-21 00:06:21 [info]: Job 24 has been completed.
2025-07-21 00:06:21 [info]: Job 25 has been completed.
2025-07-21 00:06:21 [info]: Job 26 has been completed.
2025-07-21 00:06:21 [info]: Job 27 has been completed.
2025-07-21 00:06:21 [info]: Job 28 has been completed.
2025-07-21 00:06:21 [info]: Job 29 has been completed.
2025-07-21 00:06:21 [info]: Job 30 has been completed.
2025-07-21 00:06:21 [info]: Job 31 has been completed.
2025-07-21 00:06:21 [info]: Job 32 has been completed.
2025-07-21 00:06:21 [info]: Job 33 has been completed.
2025-07-21 00:06:21 [info]: Job 34 has been completed.
2025-07-21 00:06:21 [info]: Job 35 has been completed.
2025-07-21 00:06:21 [info]: Job 36 has been completed.
2025-07-21 00:06:22 [info]: Job 37 has been completed.
2025-07-21 00:06:22 [info]: Job 38 has been completed.
2025-07-21 00:06:22 [info]: Job 39 has been completed.
2025-07-21 00:06:22 [info]: Job 40 has been completed.
2025-07-21 00:06:22 [info]: Job 41 has been completed.
2025-07-21 00:06:22 [info]: Job 42 has been completed.
2025-07-21 00:06:22 [info]: Job 43 has been completed.
2025-07-21 00:06:22 [info]: Job 44 has been completed.
2025-07-21 00:06:22 [info]: Job 46 has been completed.
2025-07-21 00:06:22 [info]: Job 45 has been completed.
2025-07-21 00:06:22 [info]: Job 47 has been completed.
2025-07-21 00:06:22 [info]: Job 48 has been completed.
2025-07-21 00:06:22 [info]: Job 49 has been completed.
2025-07-21 00:06:22 [info]: Job 50 has been completed.
2025-07-21 00:06:22 [info]: Job 52 has been completed.
2025-07-21 00:06:22 [info]: Job 51 has been completed.
2025-07-21 00:06:22 [info]: Job 53 has been completed.
2025-07-21 00:06:22 [info]: Job 54 has been completed.
2025-07-21 00:06:22 [info]: Job 55 has been completed.
2025-07-21 00:06:22 [info]: Job 56 has been completed.
2025-07-21 00:06:22 [info]: Job 57 has been completed.
2025-07-21 00:06:22 [info]: Job 58 has been completed.
2025-07-21 00:06:22 [info]: Job 60 has been completed.
2025-07-21 00:06:22 [info]: Job 59 has been completed.
2025-07-21 00:06:22 [info]: Job 61 has been completed.
2025-07-21 00:06:22 [info]: Job 63 has been completed.
2025-07-21 00:06:22 [info]: Job 62 has been completed.
2025-07-21 00:06:23 [info]: Job 64 has been completed.
2025-07-21 00:06:23 [info]: Job 65 has been completed.
2025-07-21 00:06:23 [info]: Job 66 has been completed.
2025-07-21 00:06:23 [info]: Job 67 has been completed.
2025-07-21 00:06:23 [info]: Job 68 has been completed.
2025-07-21 00:06:23 [info]: Job 69 has been completed.
2025-07-21 00:06:23 [info]: Job 70 has been completed.
2025-07-21 00:06:23 [info]: Job 71 has been completed.
2025-07-21 00:06:23 [info]: Job 72 has been completed.
2025-07-21 00:06:23 [info]: Job 73 has been completed.
2025-07-21 00:06:23 [info]: Job 75 has been completed.
2025-07-21 00:06:23 [info]: Job 74 has been completed.
2025-07-21 00:06:23 [info]: Job 76 has been completed.
2025-07-21 00:06:23 [info]: Job 77 has been completed.
2025-07-21 00:06:23 [info]: Job 78 has been completed.
2025-07-21 00:06:23 [info]: Job 79 has been completed.
2025-07-21 00:06:23 [info]: Job 81 has been completed.
2025-07-21 00:06:23 [info]: Job 80 has been completed.
2025-07-21 00:06:23 [info]: Job 82 has been completed.
2025-07-21 00:06:23 [info]: Job 83 has been completed.
2025-07-21 00:06:23 [info]: Job 84 has been completed.
2025-07-21 00:06:23 [info]: Job 85 has been completed.
2025-07-21 00:06:23 [info]: Job 86 has been completed.
2025-07-21 00:06:23 [info]: Job 87 has been completed.
2025-07-21 00:06:23 [info]: Job 88 has been completed.
2025-07-21 00:06:23 [info]: Job 90 has been completed.
2025-07-21 00:06:23 [info]: Job 89 has been completed.
2025-07-21 00:06:23 [info]: Job 91 has been completed.
2025-07-21 00:06:23 [info]: Job 92 has been completed.
2025-07-21 00:06:23 [info]: Job 93 has been completed.
2025-07-21 00:06:23 [info]: Job 94 has been completed.
2025-07-21 00:06:23 [info]: Job 95 has been completed.
2025-07-21 00:06:23 [info]: Job 97 has been completed.
2025-07-21 00:06:23 [info]: Job 98 has been completed.
2025-07-21 00:06:23 [info]: Job 96 has been completed.
2025-07-21 00:06:23 [info]: Job 99 has been completed.
2025-07-21 00:06:23 [info]: Job 100 has been completed.
2025-07-21 00:06:23 [info]: Job 101 has been completed.
2025-07-21 00:06:23 [info]: Job 102 has been completed.
2025-07-21 00:06:23 [info]: Job 103 has been completed.
2025-07-21 00:06:23 [info]: Job 104 has been completed.
2025-07-21 00:06:24 [info]: Job 105 has been completed.
2025-07-21 00:06:24 [info]: Job 106 has been completed.
2025-07-21 00:06:24 [info]: Job 107 has been completed.
2025-07-21 00:06:24 [info]: Job 108 has been completed.
2025-07-21 00:06:24 [info]: Job 109 has been completed.
2025-07-21 00:06:24 [info]: Job 110 has been completed.
2025-07-21 00:06:24 [info]: Job 111 has been completed.
2025-07-21 00:06:24 [info]: Job 112 has been completed.
2025-07-21 00:06:24 [info]: Job 113 has been completed.
2025-07-21 00:06:24 [info]: Job 114 has been completed.
2025-07-21 00:06:24 [info]: Job 115 has been completed.
2025-07-21 00:06:24 [info]: Job 116 has been completed.
2025-07-21 00:06:24 [info]: Job 117 has been completed.
2025-07-21 00:06:24 [info]: Job 118 has been completed.
2025-07-21 00:06:24 [info]: Job 120 has been completed.
2025-07-21 00:06:24 [info]: Job 119 has been completed.
2025-07-21 00:06:24 [info]: Job 121 has been completed.
2025-07-21 00:06:24 [info]: Job 122 has been completed.
2025-07-21 00:06:24 [info]: Job 123 has been completed.
2025-07-21 00:06:24 [info]: Job 124 has been completed.
2025-07-21 00:06:24 [info]: Job 125 has been completed.
2025-07-21 00:06:24 [info]: Job 126 has been completed.
2025-07-21 00:06:24 [info]: Job 127 has been completed.
2025-07-21 00:06:24 [info]: Job 128 has been completed.
2025-07-21 00:06:24 [info]: Job 132 has been completed.
2025-07-21 00:06:24 [info]: Job 129 has been completed.
2025-07-21 00:06:24 [info]: Job 130 has been completed.
2025-07-21 00:06:24 [info]: Job 131 has been completed.
2025-07-21 00:06:24 [info]: Job 133 has been completed.
2025-07-21 00:06:24 [info]: Job 134 has been completed.
2025-07-21 00:06:24 [info]: Job 136 has been completed.
2025-07-21 00:06:24 [info]: Job 135 has been completed.
2025-07-21 00:06:25 [info]: Job 137 has been completed.
2025-07-21 00:06:25 [info]: Job 138 has been completed.
2025-07-21 00:06:25 [info]: Job 139 has been completed.
2025-07-21 00:06:25 [info]: Job 140 has been completed.
2025-07-21 00:06:25 [info]: Job 141 has been completed.
2025-07-21 00:06:25 [info]: Job 142 has been completed.
2025-07-21 00:06:25 [info]: Job 143 has been completed.
2025-07-21 00:06:25 [info]: Job 144 has been completed.
2025-07-21 00:06:25 [info]: Job 145 has been completed.
2025-07-21 00:06:25 [info]: Job 146 has been completed.
2025-07-21 00:06:25 [info]: Job 147 has been completed.
2025-07-21 00:06:25 [info]: Job 148 has been completed.
2025-07-21 00:06:25 [info]: Job 149 has been completed.
2025-07-21 00:06:25 [info]: Job 151 has been completed.
2025-07-21 00:06:25 [info]: Job 150 has been completed.
2025-07-21 00:06:25 [info]: Job 152 has been completed.
2025-07-21 00:06:25 [info]: Job 153 has been completed.
2025-07-21 00:06:25 [info]: Job 154 has been completed.
2025-07-21 00:06:25 [info]: Job 155 has been completed.
2025-07-21 00:06:25 [info]: Job 156 has been completed.
2025-07-21 00:06:25 [info]: Job 157 has been completed.
2025-07-21 00:06:25 [info]: Job 158 has been completed.
2025-07-21 00:06:25 [info]: Job 159 has been completed.
2025-07-21 00:06:25 [info]: Job 162 has been completed.
2025-07-21 00:06:25 [info]: Job 160 has been completed.
2025-07-21 00:06:25 [info]: Job 163 has been completed.
2025-07-21 00:06:25 [info]: Job 161 has been completed.
2025-07-21 00:06:25 [info]: Job 164 has been completed.
2025-07-21 00:06:25 [info]: Job 165 has been completed.
2025-07-21 00:06:25 [info]: Job 166 has been completed.
2025-07-21 00:06:25 [info]: Job 167 has been completed.
2025-07-21 00:06:25 [info]: Job 168 has been completed.
2025-07-21 00:06:25 [info]: Job 169 has been completed.
2025-07-21 00:06:25 [info]: Job 170 has been completed.
2025-07-21 00:06:26 [info]: Job 172 has been completed.
2025-07-21 00:06:26 [info]: Job 171 has been completed.
2025-07-21 00:06:26 [info]: Job 174 has been completed.
2025-07-21 00:06:26 [info]: Job 173 has been completed.
2025-07-21 00:06:26 [info]: Job 175 has been completed.
2025-07-21 00:06:26 [info]: Job 177 has been completed.
2025-07-21 00:06:26 [info]: Job 176 has been completed.
2025-07-21 00:06:26 [info]: Job 178 has been completed.
2025-07-21 00:06:26 [info]: Job 179 has been completed.
2025-07-21 00:06:26 [info]: Job 180 has been completed.
2025-07-21 00:06:26 [info]: Job 181 has been completed.
2025-07-21 00:06:26 [info]: Job 182 has been completed.
2025-07-21 00:06:26 [info]: Job 184 has been completed.
2025-07-21 00:06:26 [info]: Job 183 has been completed.
2025-07-21 00:06:26 [info]: Job 185 has been completed.
2025-07-21 00:06:26 [info]: Job 186 has been completed.
2025-07-21 00:06:26 [info]: Job 187 has been completed.
2025-07-21 00:06:26 [info]: Job 189 has been completed.
2025-07-21 00:06:26 [info]: Job 188 has been completed.
2025-07-21 00:06:26 [info]: Job 190 has been completed.
2025-07-21 00:06:26 [info]: Job 191 has been completed.
2025-07-21 00:06:26 [info]: Job 192 has been completed.
2025-07-21 00:06:26 [info]: Job 194 has been completed.
2025-07-21 00:06:26 [info]: Job 195 has been completed.
2025-07-21 00:06:26 [info]: Job 193 has been completed.
2025-07-21 00:06:26 [info]: Job 196 has been completed.
2025-07-21 00:06:26 [info]: Job 197 has been completed.
2025-07-21 00:06:26 [info]: Job 198 has been completed.
2025-07-21 00:06:26 [info]: Job 199 has been completed.
2025-07-21 00:06:26 [info]: Job 201 has been completed.
2025-07-21 00:06:26 [info]: Job 200 has been completed.
2025-07-21 00:06:26 [info]: Job 202 has been completed.
2025-07-21 00:06:26 [info]: Job 203 has been completed.
2025-07-21 00:06:26 [info]: Job 204 has been completed.
2025-07-21 00:06:26 [info]: Job 205 has been completed.
2025-07-21 00:06:26 [info]: Job 206 has been completed.
2025-07-21 00:06:26 [info]: Job 207 has been completed.
2025-07-21 00:06:26 [info]: Job 208 has been completed.
2025-07-21 00:06:27 [info]: Job 209 has been completed.
2025-07-21 00:06:27 [info]: Job 210 has been completed.
2025-07-21 00:06:27 [info]: Job 211 has been completed.
2025-07-21 00:06:27 [info]: Job 212 has been completed.
2025-07-21 00:06:27 [info]: Job 213 has been completed.
2025-07-21 00:06:27 [info]: Job 215 has been completed.
2025-07-21 00:06:27 [info]: Job 214 has been completed.
2025-07-21 00:06:27 [info]: Job 216 has been completed.
2025-07-21 00:06:27 [info]: Job 217 has been completed.
2025-07-21 00:06:27 [info]: Job 218 has been completed.
2025-07-21 00:06:27 [info]: Job 221 has been completed.
2025-07-21 00:06:27 [info]: Job 219 has been completed.
2025-07-21 00:06:27 [info]: Job 220 has been completed.
2025-07-21 00:06:27 [info]: Job 222 has been completed.
2025-07-21 00:06:27 [info]: Job 223 has been completed.
2025-07-21 00:06:27 [info]: Job 224 has been completed.
2025-07-21 00:06:27 [info]: Job 225 has been completed.
2025-07-21 00:06:27 [info]: Job 226 has been completed.
2025-07-21 00:06:27 [info]: Job 227 has been completed.
2025-07-21 00:06:27 [info]: Job 228 has been completed.
2025-07-21 00:06:27 [info]: Job 229 has been completed.
2025-07-21 00:06:27 [info]: Job 230 has been completed.
2025-07-21 00:06:27 [info]: Job 231 has been completed.
2025-07-21 00:06:27 [info]: Job 233 has been completed.
2025-07-21 00:06:27 [info]: Job 232 has been completed.
2025-07-21 00:06:27 [info]: Job 234 has been completed.
2025-07-21 00:06:27 [info]: Job 235 has been completed.
2025-07-21 00:06:27 [info]: Job 236 has been completed.
2025-07-21 00:06:27 [info]: Job 237 has been completed.
2025-07-21 00:06:27 [info]: Job 239 has been completed.
2025-07-21 00:06:27 [info]: Job 240 has been completed.
2025-07-21 00:06:27 [info]: Job 238 has been completed.
2025-07-21 00:06:28 [info]: Job 241 has been completed.
2025-07-21 00:06:28 [info]: Job 242 has been completed.
2025-07-21 00:06:28 [info]: Job 243 has been completed.
2025-07-21 00:06:28 [info]: Job 244 has been completed.
2025-07-21 00:06:28 [info]: Job 245 has been completed.
2025-07-21 00:06:28 [info]: Job 246 has been completed.
2025-07-21 00:06:28 [info]: Job 247 has been completed.
2025-07-21 00:06:28 [info]: Job 248 has been completed.
2025-07-21 00:06:28 [info]: Job 249 has been completed.
2025-07-21 00:06:28 [info]: Job 250 has been completed.
2025-07-21 00:06:28 [info]: Job 251 has been completed.
2025-07-21 00:06:28 [info]: Job 252 has been completed.
2025-07-21 00:06:28 [info]: Job 253 has been completed.
2025-07-21 00:06:28 [info]: Job 255 has been completed.
2025-07-21 00:06:28 [info]: Job 254 has been completed.
2025-07-21 00:06:28 [info]: Job 256 has been completed.
2025-07-21 00:06:28 [info]: Job 257 has been completed.
2025-07-21 00:06:28 [info]: Job 258 has been completed.
2025-07-21 00:06:28 [info]: Job 259 has been completed.
2025-07-21 00:06:28 [info]: Job 260 has been completed.
2025-07-21 00:06:28 [info]: Job 261 has been completed.
2025-07-21 00:06:28 [info]: Job 262 has been completed.
2025-07-21 00:06:28 [info]: Job 263 has been completed.
2025-07-21 00:06:28 [info]: Job 264 has been completed.
2025-07-21 00:06:28 [info]: Job 265 has been completed.
2025-07-21 00:06:28 [info]: Job 267 has been completed.
2025-07-21 00:06:28 [info]: Job 268 has been completed.
2025-07-21 00:06:28 [info]: Job 266 has been completed.
2025-07-21 00:06:28 [info]: Job 269 has been completed.
2025-07-21 00:06:28 [info]: Job 270 has been completed.
2025-07-21 00:06:28 [info]: Job 274 has been completed.
2025-07-21 00:06:28 [info]: Job 272 has been completed.
2025-07-21 00:06:28 [info]: Job 273 has been completed.
2025-07-21 00:06:28 [info]: Job 271 has been completed.
2025-07-21 00:06:29 [info]: Job 275 has been completed.
2025-07-21 00:06:29 [info]: Job 276 has been completed.
2025-07-21 00:06:29 [info]: Job 279 has been completed.
2025-07-21 00:06:29 [info]: Job 278 has been completed.
2025-07-21 00:06:29 [info]: Job 277 has been completed.
2025-07-21 00:06:29 [info]: Job 280 has been completed.
2025-07-21 00:06:29 [info]: Job 281 has been completed.
2025-07-21 00:06:29 [info]: Job 282 has been completed.
2025-07-21 00:06:29 [info]: Job 283 has been completed.
2025-07-21 00:06:29 [info]: Job 284 has been completed.
2025-07-21 00:06:29 [info]: Job 285 has been completed.
2025-07-21 00:06:29 [info]: Job 286 has been completed.
2025-07-21 00:06:29 [info]: Job 287 has been completed.
2025-07-21 00:06:29 [info]: Job 288 has been completed.
2025-07-21 00:06:29 [info]: Job 289 has been completed.
2025-07-21 00:06:29 [info]: Job 290 has been completed.
2025-07-21 00:06:29 [info]: Job 292 has been completed.
2025-07-21 00:06:29 [info]: Job 291 has been completed.
2025-07-21 00:06:29 [info]: Job 293 has been completed.
2025-07-21 00:06:29 [info]: Job 294 has been completed.
2025-07-21 00:06:29 [info]: Job 295 has been completed.
2025-07-21 00:06:29 [info]: Job 296 has been completed.
2025-07-21 00:06:29 [info]: Job 297 has been completed.
2025-07-21 00:06:29 [info]: Job 298 has been completed.
2025-07-21 00:06:29 [info]: Job 299 has been completed.
2025-07-21 00:06:29 [info]: Job 300 has been completed.
2025-07-21 00:06:29 [info]: Job 301 has been completed.
2025-07-21 00:29:43 [info]: Redis connected
2025-07-21 00:29:43 [info]: MongoDB connected: ac-v6wuotg-shard-00-02.ponmbct.mongodb.net
2025-07-21 00:30:11 [info]: Redis connected
2025-07-21 00:30:11 [info]: MongoDB connected: ac-v6wuotg-shard-00-01.ponmbct.mongodb.net
2025-07-21 00:31:19 [info]: MongoDB connected: ac-v6wuotg-shard-00-01.ponmbct.mongodb.net
2025-07-21 00:31:23 [info]: Redis connected
2025-07-21 00:31:23 [info]: MongoDB connected: ac-v6wuotg-shard-00-02.ponmbct.mongodb.net
2025-07-21 00:31:46 [info]: Redis connected
2025-07-21 00:31:46 [info]: MongoDB connected: ac-v6wuotg-shard-00-02.ponmbct.mongodb.net
2025-07-21 00:32:08 [info]: Initial fetch and queue on app start...
2025-07-21 00:32:09 [info]: Redis connected
2025-07-21 00:32:09 [info]: MongoDB connected: ac-v6wuotg-shard-00-00.ponmbct.mongodb.net
2025-07-21 00:32:10 [info]: Parsed 50 jobs from https://jobicy.com/?feed=job_feed
2025-07-21 00:32:11 [info]: Parsed 7 jobs from https://jobicy.com/?feed=job_feed&job_categories=smm&job_types=full-time
2025-07-21 00:32:11 [info]: Parsed 11 jobs from https://jobicy.com/?feed=job_feed&job_categories=seller&job_types=full-time&search_region=france
2025-07-21 00:32:12 [info]: Parsed 50 jobs from https://jobicy.com/?feed=job_feed&job_categories=design-multimedia
2025-07-21 00:32:13 [info]: Parsed 50 jobs from https://jobicy.com/?feed=job_feed&job_categories=data-science
2025-07-21 00:32:15 [info]: Parsed 33 jobs from https://jobicy.com/?feed=job_feed&job_categories=copywriting
2025-07-21 00:32:15 [info]: Parsed 50 jobs from https://jobicy.com/?feed=job_feed&job_categories=business
2025-07-21 00:32:17 [info]: Parsed 50 jobs from https://jobicy.com/?feed=job_feed&job_categories=management
2025-07-21 00:32:18 [warn]: No items found in feed: https://www.higheredjobs.com/rss/articleFeed.cfm
2025-07-21 00:32:18 [info]: Job 302 has been completed.
2025-07-21 00:32:18 [info]: Job 303 has been completed.
2025-07-21 00:32:18 [info]: Job 306 has been completed.
2025-07-21 00:32:18 [info]: Job 307 has been completed.
2025-07-21 00:32:18 [info]: Job 308 has been completed.
2025-07-21 00:32:18 [info]: Job 305 has been completed.
2025-07-21 00:32:18 [info]: Job 304 has been completed.
2025-07-21 00:32:18 [info]: Job 310 has been completed.
2025-07-21 00:32:18 [info]: Job 312 has been completed.
2025-07-21 00:32:18 [info]: Job 311 has been completed.
2025-07-21 00:32:18 [info]: Job 313 has been completed.
2025-07-21 00:32:18 [info]: Job 314 has been completed.
2025-07-21 00:32:18 [info]: Job 309 has been completed.
2025-07-21 00:32:18 [info]: Job 315 has been completed.
2025-07-21 00:32:18 [info]: Job 316 has been completed.
2025-07-21 00:32:18 [info]: Job 317 has been completed.
2025-07-21 00:32:18 [info]: Job 319 has been completed.
2025-07-21 00:32:18 [info]: Job 320 has been completed.
2025-07-21 00:32:18 [info]: Job 321 has been completed.
2025-07-21 00:32:18 [info]: Job 322 has been completed.
2025-07-21 00:32:18 [info]: Job 323 has been completed.
2025-07-21 00:32:18 [info]: Job 324 has been completed.
2025-07-21 00:32:18 [info]: Job 325 has been completed.
2025-07-21 00:32:18 [info]: Job 326 has been completed.
2025-07-21 00:32:18 [info]: Job 327 has been completed.
2025-07-21 00:32:18 [info]: Job 328 has been completed.
2025-07-21 00:32:18 [info]: Job 329 has been completed.
2025-07-21 00:32:18 [info]: Job 330 has been completed.
2025-07-21 00:32:18 [info]: Job 331 has been completed.
2025-07-21 00:32:19 [info]: Job 332 has been completed.
2025-07-21 00:32:19 [info]: Job 318 has been completed.
2025-07-21 00:32:19 [info]: Job 333 has been completed.
2025-07-21 00:32:19 [info]: Job 335 has been completed.
2025-07-21 00:32:19 [info]: Job 334 has been completed.
2025-07-21 00:32:23 [info]: Initial fetch and queue on app start...
2025-07-21 00:32:23 [info]: Redis connected
2025-07-21 00:32:23 [info]: MongoDB connected: ac-v6wuotg-shard-00-00.ponmbct.mongodb.net
2025-07-21 00:32:24 [info]: Parsed 50 jobs from https://jobicy.com/?feed=job_feed
2025-07-21 00:32:29 [info]: Initial fetch and queue on app start...
2025-07-21 00:32:29 [info]: Redis connected
2025-07-21 00:32:29 [info]: MongoDB connected: ac-v6wuotg-shard-00-02.ponmbct.mongodb.net
2025-07-21 00:32:30 [info]: Parsed 50 jobs from https://jobicy.com/?feed=job_feed
2025-07-21 00:32:30 [info]: Parsed 7 jobs from https://jobicy.com/?feed=job_feed&job_categories=smm&job_types=full-time
2025-07-21 00:32:31 [info]: Parsed 11 jobs from https://jobicy.com/?feed=job_feed&job_categories=seller&job_types=full-time&search_region=france
2025-07-21 00:32:31 [info]: Parsed 50 jobs from https://jobicy.com/?feed=job_feed&job_categories=design-multimedia
2025-07-21 00:32:32 [info]: Parsed 50 jobs from https://jobicy.com/?feed=job_feed&job_categories=data-science
2025-07-21 00:32:32 [info]: Parsed 33 jobs from https://jobicy.com/?feed=job_feed&job_categories=copywriting
2025-07-21 00:32:33 [info]: Parsed 50 jobs from https://jobicy.com/?feed=job_feed&job_categories=business
2025-07-21 00:32:33 [info]: Parsed 50 jobs from https://jobicy.com/?feed=job_feed&job_categories=management
2025-07-21 00:32:33 [warn]: No items found in feed: https://www.higheredjobs.com/rss/articleFeed.cfm
2025-07-21 00:32:33 [info]: Job 341 has been completed.
2025-07-21 00:32:33 [info]: Job 342 has been completed.
2025-07-21 00:32:33 [info]: Job 345 has been completed.
2025-07-21 00:32:34 [info]: Job 347 has been completed.
2025-07-21 00:32:34 [info]: Job 343 has been completed.
2025-07-21 00:32:34 [info]: Job 346 has been completed.
2025-07-21 00:32:34 [info]: Job 344 has been completed.
2025-07-21 00:32:34 [info]: Job 351 has been completed.
2025-07-21 00:32:34 [info]: Job 350 has been completed.
2025-07-21 00:32:34 [info]: Job 352 has been completed.
2025-07-21 00:32:34 [info]: Job 349 has been completed.
2025-07-21 00:32:34 [info]: Job 348 has been completed.
2025-07-21 00:32:34 [info]: Job 355 has been completed.
2025-07-21 00:32:34 [info]: Job 356 has been completed.
2025-07-21 00:32:34 [info]: Job 354 has been completed.
2025-07-21 00:32:34 [info]: Job 353 has been completed.
2025-07-21 00:32:34 [info]: Job 357 has been completed.
2025-07-21 00:32:34 [info]: Job 360 has been completed.
2025-07-21 00:32:34 [info]: Job 361 has been completed.
2025-07-21 00:32:34 [info]: Job 358 has been completed.
2025-07-21 00:32:34 [info]: Job 359 has been completed.
2025-07-21 00:32:34 [info]: Job 362 has been completed.
2025-07-21 00:32:34 [info]: Job 363 has been completed.
2025-07-21 00:32:34 [info]: Job 364 has been completed.
2025-07-21 00:32:34 [info]: Job 366 has been completed.
2025-07-21 00:32:34 [info]: Job 365 has been completed.
2025-07-21 00:32:34 [info]: Job 367 has been completed.
2025-07-21 00:32:34 [info]: Job 368 has been completed.
2025-07-21 00:32:34 [info]: Job 369 has been completed.
2025-07-21 00:32:34 [info]: Job 370 has been completed.
2025-07-21 00:32:34 [info]: Job 371 has been completed.
2025-07-21 00:32:34 [info]: Job 372 has been completed.
2025-07-21 00:32:34 [info]: Job 373 has been completed.
2025-07-21 00:32:34 [info]: Job 375 has been completed.
2025-07-21 00:32:34 [info]: Job 374 has been completed.
2025-07-21 00:32:34 [info]: Job 376 has been completed.
2025-07-21 00:32:34 [info]: Job 377 has been completed.
2025-07-21 00:32:34 [info]: Job 378 has been completed.
2025-07-21 00:32:35 [info]: Job 381 has been completed.
2025-07-21 00:32:35 [info]: Job 379 has been completed.
2025-07-21 00:32:35 [info]: Job 380 has been completed.
2025-07-21 00:32:35 [info]: Job 383 has been completed.
2025-07-21 00:32:35 [info]: Job 382 has been completed.
2025-07-21 00:32:35 [info]: Job 384 has been completed.
2025-07-21 00:32:35 [info]: Job 385 has been completed.
2025-07-21 00:32:35 [info]: Job 386 has been completed.
2025-07-21 00:32:35 [info]: Job 387 has been completed.
2025-07-21 00:32:35 [info]: Job 388 has been completed.
2025-07-21 00:32:35 [info]: Job 389 has been completed.
2025-07-21 00:32:35 [info]: Job 391 has been completed.
2025-07-21 00:32:35 [info]: Job 390 has been completed.
2025-07-21 00:32:35 [info]: Job 393 has been completed.
2025-07-21 00:32:35 [info]: Job 392 has been completed.
2025-07-21 00:32:35 [info]: Job 394 has been completed.
2025-07-21 00:32:35 [info]: Job 396 has been completed.
2025-07-21 00:32:35 [info]: Job 395 has been completed.
2025-07-21 00:32:35 [info]: Job 397 has been completed.
2025-07-21 00:32:35 [info]: Job 398 has been completed.
2025-07-21 00:32:35 [info]: Job 399 has been completed.
2025-07-21 00:32:35 [info]: Job 401 has been completed.
2025-07-21 00:32:35 [info]: Job 400 has been completed.
2025-07-21 00:32:35 [info]: Job 402 has been completed.
2025-07-21 00:32:35 [info]: Job 403 has been completed.
2025-07-21 00:32:35 [info]: Job 404 has been completed.
2025-07-21 00:32:35 [info]: Job 406 has been completed.
2025-07-21 00:32:35 [info]: Job 405 has been completed.
2025-07-21 00:32:35 [info]: Job 407 has been completed.
2025-07-21 00:32:35 [info]: Job 408 has been completed.
2025-07-21 00:32:35 [info]: Job 410 has been completed.
2025-07-21 00:32:35 [info]: Job 409 has been completed.
2025-07-21 00:32:35 [info]: Job 411 has been completed.
2025-07-21 00:32:35 [info]: Job 412 has been completed.
2025-07-21 00:32:35 [info]: Job 413 has been completed.
2025-07-21 00:32:36 [info]: Job 415 has been completed.
2025-07-21 00:32:36 [info]: Job 414 has been completed.
2025-07-21 00:32:36 [info]: Job 417 has been completed.
2025-07-21 00:32:36 [info]: Job 416 has been completed.
2025-07-21 00:32:36 [info]: Job 418 has been completed.
2025-07-21 00:32:36 [info]: Job 420 has been completed.
2025-07-21 00:32:36 [info]: Job 419 has been completed.
2025-07-21 00:32:36 [info]: Job 422 has been completed.
2025-07-21 00:32:36 [info]: Job 421 has been completed.
2025-07-21 00:32:36 [info]: Job 423 has been completed.
2025-07-21 00:32:36 [info]: Job 424 has been completed.
2025-07-21 00:32:36 [info]: Job 425 has been completed.
2025-07-21 00:32:36 [info]: Job 426 has been completed.
2025-07-21 00:32:36 [info]: Job 427 has been completed.
2025-07-21 00:32:36 [info]: Job 428 has been completed.
2025-07-21 00:32:36 [info]: Job 429 has been completed.
2025-07-21 00:32:36 [info]: Job 430 has been completed.
2025-07-21 00:32:36 [info]: Job 432 has been completed.
2025-07-21 00:32:36 [info]: Job 431 has been completed.
2025-07-21 00:32:36 [info]: Job 433 has been completed.
2025-07-21 00:32:36 [info]: Job 435 has been completed.
2025-07-21 00:32:36 [info]: Job 434 has been completed.
2025-07-21 00:32:36 [info]: Job 436 has been completed.
2025-07-21 00:32:36 [info]: Job 437 has been completed.
2025-07-21 00:32:36 [info]: Job 438 has been completed.
2025-07-21 00:32:36 [info]: Job 439 has been completed.
2025-07-21 00:32:36 [info]: Job 440 has been completed.
2025-07-21 00:32:36 [info]: Job 441 has been completed.
2025-07-21 00:32:36 [info]: Job 442 has been completed.
2025-07-21 00:32:36 [info]: Job 443 has been completed.
2025-07-21 00:32:36 [info]: Job 444 has been completed.
2025-07-21 00:32:36 [info]: Job 445 has been completed.
2025-07-21 00:32:36 [info]: Job 446 has been completed.
2025-07-21 00:32:37 [info]: Job 448 has been completed.
2025-07-21 00:32:37 [info]: Job 447 has been completed.
2025-07-21 00:32:37 [info]: Job 450 has been completed.
2025-07-21 00:32:37 [info]: Job 449 has been completed.
2025-07-21 00:32:37 [info]: Job 451 has been completed.
2025-07-21 00:32:37 [info]: Job 452 has been completed.
2025-07-21 00:32:37 [info]: Job 453 has been completed.
2025-07-21 00:32:37 [info]: Job 454 has been completed.
2025-07-21 00:32:37 [info]: Job 455 has been completed.
2025-07-21 00:32:37 [info]: Job 456 has been completed.
2025-07-21 00:32:37 [info]: Job 457 has been completed.
2025-07-21 00:32:37 [info]: Job 458 has been completed.
2025-07-21 00:32:37 [info]: Job 459 has been completed.
2025-07-21 00:32:37 [info]: Job 460 has been completed.
2025-07-21 00:32:37 [info]: Job 461 has been completed.
2025-07-21 00:32:37 [info]: Job 463 has been completed.
2025-07-21 00:32:37 [info]: Job 462 has been completed.
2025-07-21 00:32:37 [info]: Job 465 has been completed.
2025-07-21 00:32:37 [info]: Job 466 has been completed.
2025-07-21 00:32:37 [info]: Job 464 has been completed.
2025-07-21 00:32:37 [info]: Job 467 has been completed.
2025-07-21 00:32:37 [info]: Job 468 has been completed.
2025-07-21 00:32:37 [info]: Job 469 has been completed.
2025-07-21 00:32:37 [info]: Job 470 has been completed.
2025-07-21 00:32:37 [info]: Job 471 has been completed.
2025-07-21 00:32:37 [info]: Job 472 has been completed.
2025-07-21 00:32:37 [info]: Job 473 has been completed.
2025-07-21 00:32:37 [info]: Job 474 has been completed.
2025-07-21 00:32:37 [info]: Job 475 has been completed.
2025-07-21 00:32:37 [info]: Job 476 has been completed.
2025-07-21 00:32:37 [info]: Job 477 has been completed.
2025-07-21 00:32:37 [info]: Job 478 has been completed.
2025-07-21 00:32:37 [info]: Job 479 has been completed.
2025-07-21 00:32:37 [info]: Job 480 has been completed.
2025-07-21 00:32:37 [info]: Job 481 has been completed.
2025-07-21 00:32:37 [info]: Job 482 has been completed.
2025-07-21 00:32:38 [info]: Job 483 has been completed.
2025-07-21 00:32:38 [info]: Job 486 has been completed.
2025-07-21 00:32:38 [info]: Job 485 has been completed.
2025-07-21 00:32:38 [info]: Job 487 has been completed.
2025-07-21 00:32:38 [info]: Job 484 has been completed.
2025-07-21 00:32:38 [info]: Job 489 has been completed.
2025-07-21 00:32:38 [info]: Job 488 has been completed.
2025-07-21 00:32:38 [info]: Job 490 has been completed.
2025-07-21 00:32:38 [info]: Job 491 has been completed.
2025-07-21 00:32:38 [info]: Job 492 has been completed.
2025-07-21 00:32:38 [info]: Job 493 has been completed.
2025-07-21 00:32:38 [info]: Job 494 has been completed.
2025-07-21 00:32:38 [info]: Job 495 has been completed.
2025-07-21 00:32:38 [info]: Job 496 has been completed.
2025-07-21 00:32:38 [info]: Job 497 has been completed.
2025-07-21 00:32:38 [info]: Job 498 has been completed.
2025-07-21 00:32:38 [info]: Job 499 has been completed.
2025-07-21 00:32:38 [info]: Job 500 has been completed.
2025-07-21 00:32:38 [info]: Job 501 has been completed.
2025-07-21 00:32:38 [info]: Job 502 has been completed.
2025-07-21 00:32:38 [info]: Job 503 has been completed.
2025-07-21 00:32:38 [info]: Job 504 has been completed.
2025-07-21 00:32:38 [info]: Job 505 has been completed.
2025-07-21 00:32:38 [info]: Job 506 has been completed.
2025-07-21 00:32:38 [info]: Job 507 has been completed.
2025-07-21 00:32:38 [info]: Job 508 has been completed.
2025-07-21 00:32:38 [info]: Job 509 has been completed.
2025-07-21 00:32:38 [info]: Job 511 has been completed.
2025-07-21 00:32:38 [info]: Job 510 has been completed.
2025-07-21 00:32:38 [info]: Job 512 has been completed.
2025-07-21 00:32:38 [info]: Job 513 has been completed.
2025-07-21 00:32:38 [info]: Job 514 has been completed.
2025-07-21 00:32:38 [info]: Job 515 has been completed.
2025-07-21 00:32:38 [info]: Job 516 has been completed.
2025-07-21 00:32:39 [info]: Job 517 has been completed.
2025-07-21 00:32:39 [info]: Job 519 has been completed.
2025-07-21 00:32:39 [info]: Job 521 has been completed.
2025-07-21 00:32:39 [info]: Job 518 has been completed.
2025-07-21 00:32:39 [info]: Job 520 has been completed.
2025-07-21 00:32:39 [info]: Job 522 has been completed.
2025-07-21 00:32:39 [info]: Job 523 has been completed.
2025-07-21 00:32:39 [info]: Job 524 has been completed.
2025-07-21 00:32:39 [info]: Job 526 has been completed.
2025-07-21 00:32:39 [info]: Job 525 has been completed.
2025-07-21 00:32:39 [info]: Job 527 has been completed.
2025-07-21 00:32:39 [info]: Job 528 has been completed.
2025-07-21 00:32:39 [info]: Job 529 has been completed.
2025-07-21 00:32:39 [info]: Job 531 has been completed.
2025-07-21 00:32:39 [info]: Job 530 has been completed.
2025-07-21 00:32:39 [info]: Job 532 has been completed.
2025-07-21 00:32:39 [info]: Job 534 has been completed.
2025-07-21 00:32:39 [info]: Job 533 has been completed.
2025-07-21 00:32:39 [info]: Job 535 has been completed.
2025-07-21 00:32:39 [info]: Job 536 has been completed.
2025-07-21 00:32:39 [info]: Job 537 has been completed.
2025-07-21 00:32:39 [info]: Job 538 has been completed.
2025-07-21 00:32:39 [info]: Job 540 has been completed.
2025-07-21 00:32:39 [info]: Job 539 has been completed.
2025-07-21 00:32:39 [info]: Job 541 has been completed.
2025-07-21 00:32:39 [info]: Job 542 has been completed.
2025-07-21 00:32:39 [info]: Job 543 has been completed.
2025-07-21 00:32:39 [info]: Job 545 has been completed.
2025-07-21 00:32:39 [info]: Job 544 has been completed.
2025-07-21 00:32:39 [info]: Job 546 has been completed.
2025-07-21 00:32:39 [info]: Job 547 has been completed.
2025-07-21 00:32:39 [info]: Job 548 has been completed.
2025-07-21 00:32:39 [info]: Job 549 has been completed.
2025-07-21 00:32:39 [info]: Job 550 has been completed.
2025-07-21 00:32:40 [info]: Job 551 has been completed.
2025-07-21 00:32:40 [info]: Job 552 has been completed.
2025-07-21 00:32:40 [info]: Job 553 has been completed.
2025-07-21 00:32:40 [info]: Job 554 has been completed.
2025-07-21 00:32:40 [info]: Job 555 has been completed.
2025-07-21 00:32:40 [info]: Job 556 has been completed.
2025-07-21 00:32:40 [info]: Job 557 has been completed.
2025-07-21 00:32:40 [info]: Job 558 has been completed.
2025-07-21 00:32:40 [info]: Job 559 has been completed.
2025-07-21 00:32:40 [info]: Job 560 has been completed.
2025-07-21 00:32:40 [info]: Job 561 has been completed.
2025-07-21 00:32:40 [info]: Job 562 has been completed.
2025-07-21 00:32:40 [info]: Job 563 has been completed.
2025-07-21 00:32:40 [info]: Job 564 has been completed.
2025-07-21 00:32:40 [info]: Job 565 has been completed.
2025-07-21 00:32:40 [info]: Job 566 has been completed.
2025-07-21 00:32:40 [info]: Job 567 has been completed.
2025-07-21 00:32:40 [info]: Job 568 has been completed.
2025-07-21 00:32:40 [info]: Job 569 has been completed.
2025-07-21 00:32:40 [info]: Job 571 has been completed.
2025-07-21 00:32:40 [info]: Job 570 has been completed.
2025-07-21 00:32:40 [info]: Job 572 has been completed.
2025-07-21 00:32:40 [info]: Job 573 has been completed.
2025-07-21 00:32:40 [info]: Job 574 has been completed.
2025-07-21 00:32:40 [info]: Job 576 has been completed.
2025-07-21 00:32:40 [info]: Job 575 has been completed.
2025-07-21 00:32:40 [info]: Job 577 has been completed.
2025-07-21 00:32:40 [info]: Job 579 has been completed.
2025-07-21 00:32:40 [info]: Job 580 has been completed.
2025-07-21 00:32:40 [info]: Job 581 has been completed.
2025-07-21 00:32:40 [info]: Job 578 has been completed.
2025-07-21 00:32:40 [info]: Job 582 has been completed.
2025-07-21 00:32:41 [info]: Job 585 has been completed.
2025-07-21 00:32:41 [info]: Job 584 has been completed.
2025-07-21 00:32:41 [info]: Job 583 has been completed.
2025-07-21 00:32:41 [info]: Job 586 has been completed.
2025-07-21 00:32:41 [info]: Job 587 has been completed.
2025-07-21 00:32:41 [info]: Job 588 has been completed.
2025-07-21 00:32:41 [info]: Job 590 has been completed.
2025-07-21 00:32:41 [info]: Job 591 has been completed.
2025-07-21 00:32:41 [info]: Job 589 has been completed.
2025-07-21 00:32:41 [info]: Job 592 has been completed.
2025-07-21 00:32:41 [info]: Job 593 has been completed.
2025-07-21 00:32:41 [info]: Job 594 has been completed.
2025-07-21 00:32:41 [info]: Job 595 has been completed.
2025-07-21 00:32:41 [info]: Job 596 has been completed.
2025-07-21 00:32:41 [info]: Job 597 has been completed.
2025-07-21 00:32:41 [info]: Job 598 has been completed.
2025-07-21 00:32:41 [info]: Job 599 has been completed.
2025-07-21 00:32:41 [info]: Job 600 has been completed.
2025-07-21 00:32:41 [info]: Job 601 has been completed.
2025-07-21 00:32:41 [info]: Job 602 has been completed.
2025-07-21 00:32:46 [info]: Initial fetch and queue on app start...
2025-07-21 00:32:46 [info]: Redis connected
2025-07-21 00:32:46 [info]: MongoDB connected: ac-v6wuotg-shard-00-01.ponmbct.mongodb.net
2025-07-21 00:32:48 [info]: Parsed 50 jobs from https://jobicy.com/?feed=job_feed
2025-07-21 00:32:48 [info]: Parsed 7 jobs from https://jobicy.com/?feed=job_feed&job_categories=smm&job_types=full-time
2025-07-21 00:32:48 [info]: Parsed 11 jobs from https://jobicy.com/?feed=job_feed&job_categories=seller&job_types=full-time&search_region=france
2025-07-21 00:32:49 [info]: Parsed 50 jobs from https://jobicy.com/?feed=job_feed&job_categories=design-multimedia
2025-07-21 00:32:49 [info]: Parsed 50 jobs from https://jobicy.com/?feed=job_feed&job_categories=data-science
2025-07-21 00:32:50 [info]: Parsed 33 jobs from https://jobicy.com/?feed=job_feed&job_categories=copywriting
2025-07-21 00:32:50 [info]: Parsed 50 jobs from https://jobicy.com/?feed=job_feed&job_categories=business
2025-07-21 00:32:50 [info]: Parsed 50 jobs from https://jobicy.com/?feed=job_feed&job_categories=management
2025-07-21 00:32:51 [warn]: No items found in feed: https://www.higheredjobs.com/rss/articleFeed.cfm
2025-07-21 00:33:21 [info]: Job 340 has been completed.
2025-07-21 00:33:21 [info]: Job 339 has been completed.
2025-07-21 00:33:21 [info]: Job 336 has been completed.
2025-07-21 00:33:21 [info]: Job 338 has been completed.
2025-07-21 00:33:21 [info]: Job 337 has been completed.
2025-07-21 00:35:38 [info]: Redis connected
2025-07-21 00:35:39 [info]: MongoDB connected: ac-v6wuotg-shard-00-01.ponmbct.mongodb.net
2025-07-21 00:36:56 [info]: Redis connected
2025-07-21 00:36:56 [info]: MongoDB connected: ac-v6wuotg-shard-00-02.ponmbct.mongodb.net
2025-07-21 00:37:22 [info]: MongoDB connected: ac-v6wuotg-shard-00-02.ponmbct.mongodb.net
2025-07-21 00:37:26 [info]: Redis connected
2025-07-21 00:37:27 [info]: MongoDB connected: ac-v6wuotg-shard-00-01.ponmbct.mongodb.net
2025-07-21 00:39:04 [info]: Redis connected
2025-07-21 00:39:05 [info]: MongoDB connected: ac-v6wuotg-shard-00-00.ponmbct.mongodb.net
2025-07-21 00:39:16 [info]: Redis connected
2025-07-21 00:39:16 [info]: MongoDB connected: ac-v6wuotg-shard-00-01.ponmbct.mongodb.net
2025-07-21 00:39:26 [info]: MongoDB connected: ac-v6wuotg-shard-00-02.ponmbct.mongodb.net
2025-07-21 00:39:44 [info]: Initial fetch and queue on app start...
2025-07-21 00:39:44 [info]: Redis connected
2025-07-21 00:39:45 [info]: MongoDB connected: ac-v6wuotg-shard-00-02.ponmbct.mongodb.net
2025-07-21 00:39:46 [info]: Parsed 50 jobs from https://jobicy.com/?feed=job_feed
2025-07-21 00:39:46 [info]: Parsed 7 jobs from https://jobicy.com/?feed=job_feed&job_categories=smm&job_types=full-time
2025-07-21 00:39:47 [info]: Parsed 11 jobs from https://jobicy.com/?feed=job_feed&job_categories=seller&job_types=full-time&search_region=france
2025-07-21 00:39:47 [info]: Parsed 50 jobs from https://jobicy.com/?feed=job_feed&job_categories=design-multimedia
2025-07-21 00:40:51 [info]: Redis connected
2025-07-21 00:40:51 [info]: MongoDB connected: ac-v6wuotg-shard-00-01.ponmbct.mongodb.net
2025-07-21 00:41:46 [info]: MongoDB connected: ac-v6wuotg-shard-00-00.ponmbct.mongodb.net
2025-07-21 00:42:13 [info]: Redis connected
2025-07-21 00:42:14 [info]: MongoDB connected: ac-v6wuotg-shard-00-02.ponmbct.mongodb.net
2025-07-21 00:42:31 [info]: Redis connected
2025-07-21 00:42:31 [info]: MongoDB connected: ac-v6wuotg-shard-00-02.ponmbct.mongodb.net
2025-07-21 00:45:08 [info]: MongoDB connected: ac-v6wuotg-shard-00-02.ponmbct.mongodb.net
2025-07-21 00:45:57 [info]: Redis connected
2025-07-21 00:45:57 [info]: MongoDB connected: ac-v6wuotg-shard-00-00.ponmbct.mongodb.net
2025-07-21 00:46:03 [info]: Redis connected
2025-07-21 00:46:04 [info]: MongoDB connected: ac-v6wuotg-shard-00-00.ponmbct.mongodb.net
2025-07-21 00:46:47 [info]: Initial fetch and queue on app start...
2025-07-21 00:46:47 [info]: Redis connected
2025-07-21 00:46:47 [info]: MongoDB connected: ac-v6wuotg-shard-00-00.ponmbct.mongodb.net
2025-07-21 00:46:49 [info]: Parsed 50 jobs from https://jobicy.com/?feed=job_feed
2025-07-21 00:46:49 [info]: Parsed 7 jobs from https://jobicy.com/?feed=job_feed&job_categories=smm&job_types=full-time
2025-07-21 00:46:49 [info]: Parsed 11 jobs from https://jobicy.com/?feed=job_feed&job_categories=seller&job_types=full-time&search_region=france
2025-07-21 00:46:50 [info]: Parsed 50 jobs from https://jobicy.com/?feed=job_feed&job_categories=design-multimedia
2025-07-21 00:46:50 [info]: Parsed 50 jobs from https://jobicy.com/?feed=job_feed&job_categories=data-science
2025-07-21 00:46:52 [info]: Parsed 33 jobs from https://jobicy.com/?feed=job_feed&job_categories=copywriting
2025-07-21 00:46:53 [info]: Parsed 50 jobs from https://jobicy.com/?feed=job_feed&job_categories=business
2025-07-21 00:46:54 [info]: Parsed 50 jobs from https://jobicy.com/?feed=job_feed&job_categories=management
2025-07-21 00:46:56 [warn]: No items found in feed: https://www.higheredjobs.com/rss/articleFeed.cfm
2025-07-21 00:46:56 [info]: Job 603 has been completed.
2025-07-21 00:46:56 [info]: Job 604 has been completed.
2025-07-21 00:46:56 [info]: Job 607 has been completed.
2025-07-21 00:46:56 [info]: Job 609 has been completed.
2025-07-21 00:46:56 [info]: Job 610 has been completed.
2025-07-21 00:46:56 [info]: Job 606 has been completed.
2025-07-21 00:46:56 [info]: Job 605 has been completed.
2025-07-21 00:46:56 [info]: Job 611 has been completed.
2025-07-21 00:46:56 [info]: Job 612 has been completed.
2025-07-21 00:46:56 [info]: Job 613 has been completed.
2025-07-21 00:46:56 [info]: Job 614 has been completed.
2025-07-21 00:46:57 [info]: Job 608 has been completed.
2025-07-21 00:46:57 [info]: Job 616 has been completed.
2025-07-21 00:46:57 [info]: Job 615 has been completed.
2025-07-21 00:46:57 [info]: Job 617 has been completed.
2025-07-21 00:46:57 [info]: Job 618 has been completed.
2025-07-21 00:46:57 [info]: Job 619 has been completed.
2025-07-21 00:46:57 [info]: Job 620 has been completed.
2025-07-21 00:46:57 [info]: Job 621 has been completed.
2025-07-21 00:46:57 [info]: Job 622 has been completed.
2025-07-21 00:46:57 [info]: Job 623 has been completed.
2025-07-21 00:46:57 [info]: Job 624 has been completed.
2025-07-21 00:46:57 [info]: Job 625 has been completed.
2025-07-21 00:46:57 [info]: Job 626 has been completed.
2025-07-21 00:46:57 [info]: Job 627 has been completed.
2025-07-21 00:46:57 [info]: Job 628 has been completed.
2025-07-21 00:46:57 [info]: Job 630 has been completed.
2025-07-21 00:46:57 [info]: Job 631 has been completed.
2025-07-21 00:46:57 [info]: Job 629 has been completed.
2025-07-21 00:46:57 [info]: Job 633 has been completed.
2025-07-21 00:46:57 [info]: Job 632 has been completed.
2025-07-21 00:46:57 [info]: Job 634 has been completed.
2025-07-21 00:46:57 [info]: Job 635 has been completed.
2025-07-21 00:46:57 [info]: Job 636 has been completed.
2025-07-21 00:46:57 [info]: Job 637 has been completed.
2025-07-21 00:46:57 [info]: Job 638 has been completed.
2025-07-21 00:46:57 [info]: Job 640 has been completed.
2025-07-21 00:46:57 [info]: Job 639 has been completed.
2025-07-21 00:46:57 [info]: Job 641 has been completed.
2025-07-21 00:46:57 [info]: Job 642 has been completed.
2025-07-21 00:46:57 [info]: Job 643 has been completed.
2025-07-21 00:46:57 [info]: Job 644 has been completed.
2025-07-21 00:46:57 [info]: Job 645 has been completed.
2025-07-21 00:46:57 [info]: Job 646 has been completed.
2025-07-21 00:46:57 [info]: Job 647 has been completed.
2025-07-21 00:46:57 [info]: Job 648 has been completed.
2025-07-21 00:46:57 [info]: Job 649 has been completed.
2025-07-21 00:46:57 [info]: Job 650 has been completed.
2025-07-21 00:46:57 [info]: Job 651 has been completed.
2025-07-21 00:46:57 [info]: Job 653 has been completed.
2025-07-21 00:46:57 [info]: Job 652 has been completed.
2025-07-21 00:46:57 [info]: Job 654 has been completed.
2025-07-21 00:46:58 [info]: Job 655 has been completed.
2025-07-21 00:46:58 [info]: Job 656 has been completed.
2025-07-21 00:46:58 [info]: Job 657 has been completed.
2025-07-21 00:46:58 [info]: Job 658 has been completed.
2025-07-21 00:46:58 [info]: Job 659 has been completed.
2025-07-21 00:46:58 [info]: Job 660 has been completed.
2025-07-21 00:46:58 [info]: Job 662 has been completed.
2025-07-21 00:46:58 [info]: Job 661 has been completed.
2025-07-21 00:46:58 [info]: Job 663 has been completed.
2025-07-21 00:46:58 [info]: Job 664 has been completed.
2025-07-21 00:46:58 [info]: Job 666 has been completed.
2025-07-21 00:46:58 [info]: Job 667 has been completed.
2025-07-21 00:46:58 [info]: Job 665 has been completed.
2025-07-21 00:46:58 [info]: Job 668 has been completed.
2025-07-21 00:46:58 [info]: Job 669 has been completed.
2025-07-21 00:46:58 [info]: Job 673 has been completed.
2025-07-21 00:46:58 [info]: Job 674 has been completed.
2025-07-21 00:46:58 [info]: Job 675 has been completed.
2025-07-21 00:46:58 [info]: Job 676 has been completed.
2025-07-21 00:46:58 [info]: Job 671 has been completed.
2025-07-21 00:46:58 [info]: Job 670 has been completed.
2025-07-21 00:46:58 [info]: Job 672 has been completed.
2025-07-21 00:46:59 [info]: Job 677 has been completed.
2025-07-21 00:46:59 [info]: Job 678 has been completed.
2025-07-21 00:46:59 [info]: Job 679 has been completed.
2025-07-21 00:46:59 [info]: Job 680 has been completed.
2025-07-21 00:46:59 [info]: Job 681 has been completed.
2025-07-21 00:46:59 [info]: Job 682 has been completed.
2025-07-21 00:46:59 [info]: Job 683 has been completed.
2025-07-21 00:46:59 [info]: Job 684 has been completed.
2025-07-21 00:46:59 [info]: Job 685 has been completed.
2025-07-21 00:46:59 [info]: Job 686 has been completed.
2025-07-21 00:46:59 [info]: Job 687 has been completed.
2025-07-21 00:46:59 [info]: Job 688 has been completed.
2025-07-21 00:46:59 [info]: Job 689 has been completed.
2025-07-21 00:46:59 [info]: Job 690 has been completed.
2025-07-21 00:46:59 [info]: Job 691 has been completed.
2025-07-21 00:46:59 [info]: Job 693 has been completed.
2025-07-21 00:46:59 [info]: Job 692 has been completed.
2025-07-21 00:46:59 [info]: Job 695 has been completed.
2025-07-21 00:46:59 [info]: Job 694 has been completed.
2025-07-21 00:46:59 [info]: Job 696 has been completed.
2025-07-21 00:46:59 [info]: Job 697 has been completed.
2025-07-21 00:46:59 [info]: Job 698 has been completed.
2025-07-21 00:46:59 [info]: Job 699 has been completed.
2025-07-21 00:46:59 [info]: Job 701 has been completed.
2025-07-21 00:46:59 [info]: Job 700 has been completed.
2025-07-21 00:46:59 [info]: Job 702 has been completed.
2025-07-21 00:46:59 [info]: Job 704 has been completed.
2025-07-21 00:46:59 [info]: Job 703 has been completed.
2025-07-21 00:46:59 [info]: Job 705 has been completed.
2025-07-21 00:46:59 [info]: Job 706 has been completed.
2025-07-21 00:46:59 [info]: Job 707 has been completed.
2025-07-21 00:46:59 [info]: Job 709 has been completed.
2025-07-21 00:46:59 [info]: Job 708 has been completed.
2025-07-21 00:46:59 [info]: Job 710 has been completed.
2025-07-21 00:46:59 [info]: Job 711 has been completed.
2025-07-21 00:46:59 [info]: Job 712 has been completed.
2025-07-21 00:46:59 [info]: Job 713 has been completed.
2025-07-21 00:46:59 [info]: Job 714 has been completed.
2025-07-21 00:46:59 [info]: Job 716 has been completed.
2025-07-21 00:46:59 [info]: Job 715 has been completed.
2025-07-21 00:46:59 [info]: Job 717 has been completed.
2025-07-21 00:46:59 [info]: Job 719 has been completed.
2025-07-21 00:46:59 [info]: Job 718 has been completed.
2025-07-21 00:46:59 [info]: Job 720 has been completed.
2025-07-21 00:46:59 [info]: Job 721 has been completed.
2025-07-21 00:47:00 [info]: Job 723 has been completed.
2025-07-21 00:47:00 [info]: Job 724 has been completed.
2025-07-21 00:47:00 [info]: Job 722 has been completed.
2025-07-21 00:47:00 [info]: Job 726 has been completed.
2025-07-21 00:47:00 [info]: Job 725 has been completed.
2025-07-21 00:47:00 [info]: Job 727 has been completed.
2025-07-21 00:47:00 [info]: Job 728 has been completed.
2025-07-21 00:47:00 [info]: Job 729 has been completed.
2025-07-21 00:47:00 [info]: Job 730 has been completed.
2025-07-21 00:47:00 [info]: Job 731 has been completed.
2025-07-21 00:47:00 [info]: Job 732 has been completed.
2025-07-21 00:47:00 [info]: Job 733 has been completed.
2025-07-21 00:47:00 [info]: Job 734 has been completed.
2025-07-21 00:47:00 [info]: Job 735 has been completed.
2025-07-21 00:47:00 [info]: Job 736 has been completed.
2025-07-21 00:47:00 [info]: Job 738 has been completed.
2025-07-21 00:47:00 [info]: Job 737 has been completed.
2025-07-21 00:47:00 [info]: Job 739 has been completed.
2025-07-21 00:47:00 [info]: Job 740 has been completed.
2025-07-21 00:47:00 [info]: Job 741 has been completed.
2025-07-21 00:47:00 [info]: Job 742 has been completed.
2025-07-21 00:47:00 [info]: Job 743 has been completed.
2025-07-21 00:47:00 [info]: Job 744 has been completed.
2025-07-21 00:47:00 [info]: Job 745 has been completed.
2025-07-21 00:47:00 [info]: Job 746 has been completed.
2025-07-21 00:47:00 [info]: Job 747 has been completed.
2025-07-21 00:47:00 [info]: Job 748 has been completed.
2025-07-21 00:47:00 [info]: Job 749 has been completed.
2025-07-21 00:47:00 [info]: Job 750 has been completed.
2025-07-21 00:47:00 [info]: Job 751 has been completed.
2025-07-21 00:47:00 [info]: Job 752 has been completed.
2025-07-21 00:47:00 [info]: Job 753 has been completed.
2025-07-21 00:47:00 [info]: Job 754 has been completed.
2025-07-21 00:47:00 [info]: Job 755 has been completed.
2025-07-21 00:47:01 [info]: Job 757 has been completed.
2025-07-21 00:47:01 [info]: Job 756 has been completed.
2025-07-21 00:47:01 [info]: Job 758 has been completed.
2025-07-21 00:47:01 [info]: Job 759 has been completed.
2025-07-21 00:47:01 [info]: Job 760 has been completed.
2025-07-21 00:47:01 [info]: Job 761 has been completed.
2025-07-21 00:47:01 [info]: Job 762 has been completed.
2025-07-21 00:47:01 [info]: Job 763 has been completed.
2025-07-21 00:47:01 [info]: Job 764 has been completed.
2025-07-21 00:47:01 [info]: Job 765 has been completed.
2025-07-21 00:47:01 [info]: Job 766 has been completed.
2025-07-21 00:47:01 [info]: Job 767 has been completed.
2025-07-21 00:47:01 [info]: Job 768 has been completed.
2025-07-21 00:47:01 [info]: Job 769 has been completed.
2025-07-21 00:47:01 [info]: Job 770 has been completed.
2025-07-21 00:47:01 [info]: Job 772 has been completed.
2025-07-21 00:47:01 [info]: Job 773 has been completed.
2025-07-21 00:47:01 [info]: Job 771 has been completed.
2025-07-21 00:47:01 [info]: Job 775 has been completed.
2025-07-21 00:47:01 [info]: Job 776 has been completed.
2025-07-21 00:47:01 [info]: Job 777 has been completed.
2025-07-21 00:47:01 [info]: Job 778 has been completed.
2025-07-21 00:47:01 [info]: Job 779 has been completed.
2025-07-21 00:47:01 [info]: Job 780 has been completed.
2025-07-21 00:47:01 [info]: Job 781 has been completed.
2025-07-21 00:47:01 [info]: Job 782 has been completed.
2025-07-21 00:47:01 [info]: Job 783 has been completed.
2025-07-21 00:47:01 [info]: Job 784 has been completed.
2025-07-21 00:47:01 [info]: Job 785 has been completed.
2025-07-21 00:47:01 [info]: Job 774 has been completed.
2025-07-21 00:48:38 [info]: Initial fetch and queue on app start...
2025-07-21 00:48:39 [info]: Redis connected
2025-07-21 00:48:39 [info]: MongoDB connected: ac-v6wuotg-shard-00-01.ponmbct.mongodb.net
2025-07-21 00:48:40 [info]: Parsed 50 jobs from https://jobicy.com/?feed=job_feed
2025-07-21 00:48:42 [info]: Parsed 7 jobs from https://jobicy.com/?feed=job_feed&job_categories=smm&job_types=full-time
2025-07-21 00:48:42 [info]: Parsed 11 jobs from https://jobicy.com/?feed=job_feed&job_categories=seller&job_types=full-time&search_region=france
2025-07-21 00:48:43 [info]: Parsed 50 jobs from https://jobicy.com/?feed=job_feed&job_categories=design-multimedia
2025-07-21 00:48:44 [info]: Parsed 50 jobs from https://jobicy.com/?feed=job_feed&job_categories=data-science
2025-07-21 00:48:45 [info]: Parsed 33 jobs from https://jobicy.com/?feed=job_feed&job_categories=copywriting
2025-07-21 00:48:46 [info]: Parsed 50 jobs from https://jobicy.com/?feed=job_feed&job_categories=business
2025-07-21 00:48:47 [info]: Parsed 50 jobs from https://jobicy.com/?feed=job_feed&job_categories=management
2025-07-21 00:48:48 [warn]: No items found in feed: https://www.higheredjobs.com/rss/articleFeed.cfm
2025-07-21 00:48:49 [info]: Job 787 has been completed.
2025-07-21 00:48:49 [info]: Job 786 has been completed.
2025-07-21 00:48:49 [info]: Job 790 has been completed.
2025-07-21 00:48:49 [info]: Job 791 has been completed.
2025-07-21 00:48:49 [info]: Job 793 has been completed.
2025-07-21 00:48:49 [info]: Job 789 has been completed.
2025-07-21 00:48:49 [info]: Job 788 has been completed.
2025-07-21 00:48:49 [info]: Job 794 has been completed.
2025-07-21 00:48:49 [info]: Job 795 has been completed.
2025-07-21 00:48:49 [info]: Job 796 has been completed.
2025-07-21 00:48:49 [info]: Job 797 has been completed.
2025-07-21 00:48:49 [info]: Job 792 has been completed.
2025-07-21 00:48:49 [info]: Job 799 has been completed.
2025-07-21 00:48:49 [info]: Job 798 has been completed.
2025-07-21 00:48:49 [info]: Job 800 has been completed.
2025-07-21 00:48:49 [info]: Job 801 has been completed.
2025-07-21 00:48:49 [info]: Job 802 has been completed.
2025-07-21 00:48:49 [info]: Job 803 has been completed.
2025-07-21 00:48:49 [info]: Job 804 has been completed.
2025-07-21 00:48:49 [info]: Job 805 has been completed.
2025-07-21 00:48:49 [info]: Job 806 has been completed.
2025-07-21 00:48:49 [info]: Job 807 has been completed.
2025-07-21 00:48:49 [info]: Job 808 has been completed.
2025-07-21 00:48:49 [info]: Job 809 has been completed.
2025-07-21 00:48:49 [info]: Job 810 has been completed.
2025-07-21 00:48:50 [info]: Job 811 has been completed.
2025-07-21 00:48:50 [info]: Job 812 has been completed.
2025-07-21 00:48:50 [info]: Job 813 has been completed.
2025-07-21 00:48:50 [info]: Job 814 has been completed.
2025-07-21 00:48:50 [info]: Job 815 has been completed.
2025-07-21 00:48:50 [info]: Job 816 has been completed.
2025-07-21 00:48:50 [info]: Job 817 has been completed.
2025-07-21 00:48:50 [info]: Job 818 has been completed.
2025-07-21 00:48:50 [info]: Job 819 has been completed.
2025-07-21 00:48:50 [info]: Job 820 has been completed.
2025-07-21 00:48:50 [info]: Job 821 has been completed.
2025-07-21 00:48:50 [info]: Job 822 has been completed.
2025-07-21 00:48:50 [info]: Job 823 has been completed.
2025-07-21 00:48:50 [info]: Job 824 has been completed.
2025-07-21 00:48:50 [info]: Job 825 has been completed.
2025-07-21 00:48:50 [info]: Job 826 has been completed.
2025-07-21 00:48:50 [info]: Job 827 has been completed.
2025-07-21 00:48:50 [info]: Job 828 has been completed.
2025-07-21 00:48:50 [info]: Job 829 has been completed.
2025-07-21 00:48:50 [info]: Job 830 has been completed.
2025-07-21 00:48:50 [info]: Job 831 has been completed.
2025-07-21 00:48:50 [info]: Job 832 has been completed.
2025-07-21 00:48:50 [info]: Job 833 has been completed.
2025-07-21 00:48:50 [info]: Job 834 has been completed.
2025-07-21 00:48:50 [info]: Job 835 has been completed.
2025-07-21 00:48:50 [info]: Job 837 has been completed.
2025-07-21 00:48:50 [info]: Job 836 has been completed.
2025-07-21 00:48:50 [info]: Job 838 has been completed.
2025-07-21 00:48:50 [info]: Job 839 has been completed.
2025-07-21 00:48:50 [info]: Job 840 has been completed.
2025-07-21 00:48:50 [info]: Job 842 has been completed.
2025-07-21 00:48:50 [info]: Job 841 has been completed.
2025-07-21 00:48:50 [info]: Job 843 has been completed.
2025-07-21 00:48:50 [info]: Job 844 has been completed.
2025-07-21 00:48:50 [info]: Job 845 has been completed.
2025-07-21 00:48:50 [info]: Job 847 has been completed.
2025-07-21 00:48:51 [info]: Job 846 has been completed.
2025-07-21 00:48:51 [info]: Job 848 has been completed.
2025-07-21 00:48:51 [info]: Job 851 has been completed.
2025-07-21 00:48:51 [info]: Job 850 has been completed.
2025-07-21 00:48:51 [info]: Job 849 has been completed.
2025-07-21 00:48:51 [info]: Job 852 has been completed.
2025-07-21 00:48:51 [info]: Job 853 has been completed.
2025-07-21 00:48:51 [info]: Job 854 has been completed.
2025-07-21 00:48:51 [info]: Job 856 has been completed.
2025-07-21 00:48:51 [info]: Job 855 has been completed.
2025-07-21 00:48:51 [info]: Job 857 has been completed.
2025-07-21 00:48:51 [info]: Job 858 has been completed.
2025-07-21 00:48:51 [info]: Job 860 has been completed.
2025-07-21 00:48:51 [info]: Job 859 has been completed.
2025-07-21 00:48:51 [info]: Job 861 has been completed.
2025-07-21 00:48:51 [info]: Job 862 has been completed.
2025-07-21 00:48:51 [info]: Job 863 has been completed.
2025-07-21 00:48:51 [info]: Job 864 has been completed.
2025-07-21 00:48:51 [info]: Job 865 has been completed.
2025-07-21 00:48:51 [info]: Job 866 has been completed.
2025-07-21 00:48:51 [info]: Job 867 has been completed.
2025-07-21 00:48:51 [info]: Job 870 has been completed.
2025-07-21 00:48:51 [info]: Job 869 has been completed.
2025-07-21 00:48:51 [info]: Job 872 has been completed.
2025-07-21 00:48:51 [info]: Job 871 has been completed.
2025-07-21 00:48:51 [info]: Job 873 has been completed.
2025-07-21 00:48:51 [info]: Job 874 has been completed.
2025-07-21 00:48:51 [info]: Job 875 has been completed.
2025-07-21 00:48:51 [info]: Job 876 has been completed.
2025-07-21 00:48:51 [info]: Job 878 has been completed.
2025-07-21 00:48:51 [info]: Job 877 has been completed.
2025-07-21 00:48:51 [info]: Job 879 has been completed.
2025-07-21 00:48:51 [info]: Job 880 has been completed.
2025-07-21 00:48:52 [info]: Job 881 has been completed.
2025-07-21 00:48:52 [info]: Job 868 has been completed.
2025-07-21 00:48:52 [info]: Job 882 has been completed.
2025-07-21 00:48:52 [info]: Job 883 has been completed.
2025-07-21 00:48:52 [info]: Job 884 has been completed.
2025-07-21 00:48:52 [info]: Job 887 has been completed.
2025-07-21 00:48:52 [info]: Job 885 has been completed.
2025-07-21 00:48:52 [info]: Job 886 has been completed.
2025-07-21 00:48:52 [info]: Job 889 has been completed.
2025-07-21 00:48:52 [info]: Job 888 has been completed.
2025-07-21 00:48:52 [info]: Job 892 has been completed.
2025-07-21 00:48:52 [info]: Job 891 has been completed.
2025-07-21 00:48:52 [info]: Job 890 has been completed.
2025-07-21 00:48:52 [info]: Job 893 has been completed.
2025-07-21 00:48:52 [info]: Job 894 has been completed.
2025-07-21 00:48:52 [info]: Job 896 has been completed.
2025-07-21 00:48:52 [info]: Job 895 has been completed.
2025-07-21 00:48:52 [info]: Job 897 has been completed.
2025-07-21 00:48:52 [info]: Job 898 has been completed.
2025-07-21 00:48:52 [info]: Job 899 has been completed.
2025-07-21 00:48:52 [info]: Job 900 has been completed.
2025-07-21 00:48:52 [info]: Job 901 has been completed.
2025-07-21 00:48:52 [info]: Job 902 has been completed.
2025-07-21 00:48:52 [info]: Job 905 has been completed.
2025-07-21 00:48:52 [info]: Job 904 has been completed.
2025-07-21 00:48:52 [info]: Job 903 has been completed.
2025-07-21 00:48:52 [info]: Job 906 has been completed.
2025-07-21 00:48:52 [info]: Job 907 has been completed.
2025-07-21 00:48:52 [info]: Job 909 has been completed.
2025-07-21 00:48:52 [info]: Job 910 has been completed.
2025-07-21 00:48:52 [info]: Job 908 has been completed.
2025-07-21 00:48:52 [info]: Job 911 has been completed.
2025-07-21 00:48:52 [info]: Job 912 has been completed.
2025-07-21 00:48:52 [info]: Job 914 has been completed.
2025-07-21 00:48:52 [info]: Job 915 has been completed.
2025-07-21 00:48:53 [info]: Job 913 has been completed.
2025-07-21 00:48:53 [info]: Job 919 has been completed.
2025-07-21 00:48:53 [info]: Job 916 has been completed.
2025-07-21 00:48:53 [info]: Job 917 has been completed.
2025-07-21 00:48:53 [info]: Job 918 has been completed.
2025-07-21 00:48:53 [info]: Job 920 has been completed.
2025-07-21 00:48:53 [info]: Job 921 has been completed.
2025-07-21 00:48:53 [info]: Job 922 has been completed.
2025-07-21 00:48:53 [info]: Job 924 has been completed.
2025-07-21 00:48:53 [info]: Job 923 has been completed.
2025-07-21 00:48:53 [info]: Job 925 has been completed.
2025-07-21 00:48:53 [info]: Job 926 has been completed.
2025-07-21 00:48:53 [info]: Job 928 has been completed.
2025-07-21 00:48:53 [info]: Job 927 has been completed.
2025-07-21 00:48:53 [info]: Job 929 has been completed.
2025-07-21 00:48:53 [info]: Job 930 has been completed.
2025-07-21 00:48:53 [info]: Job 933 has been completed.
2025-07-21 00:48:53 [info]: Job 931 has been completed.
2025-07-21 00:48:53 [info]: Job 932 has been completed.
2025-07-21 00:48:53 [info]: Job 934 has been completed.
2025-07-21 00:48:53 [info]: Job 935 has been completed.
2025-07-21 00:48:53 [info]: Job 936 has been completed.
2025-07-21 00:48:53 [info]: Job 937 has been completed.
2025-07-21 00:48:53 [info]: Job 938 has been completed.
2025-07-21 00:48:53 [info]: Job 939 has been completed.
2025-07-21 00:48:53 [info]: Job 940 has been completed.
2025-07-21 00:48:53 [info]: Job 941 has been completed.
2025-07-21 00:48:53 [info]: Job 943 has been completed.
2025-07-21 00:48:53 [info]: Job 942 has been completed.
2025-07-21 00:48:53 [info]: Job 944 has been completed.
2025-07-21 00:48:53 [info]: Job 945 has been completed.
2025-07-21 00:48:53 [info]: Job 946 has been completed.
2025-07-21 00:48:53 [info]: Job 947 has been completed.
2025-07-21 00:48:53 [info]: Job 948 has been completed.
2025-07-21 00:48:54 [info]: Job 951 has been completed.
2025-07-21 00:48:54 [info]: Job 952 has been completed.
2025-07-21 00:48:54 [info]: Job 950 has been completed.
2025-07-21 00:48:54 [info]: Job 949 has been completed.
2025-07-21 00:48:54 [info]: Job 953 has been completed.
2025-07-21 00:48:54 [info]: Job 954 has been completed.
2025-07-21 00:48:54 [info]: Job 955 has been completed.
2025-07-21 00:48:54 [info]: Job 956 has been completed.
2025-07-21 00:48:54 [info]: Job 957 has been completed.
2025-07-21 00:48:54 [info]: Job 958 has been completed.
2025-07-21 00:48:54 [info]: Job 959 has been completed.
2025-07-21 00:48:54 [info]: Job 960 has been completed.
2025-07-21 00:48:54 [info]: Job 962 has been completed.
2025-07-21 00:48:54 [info]: Job 963 has been completed.
2025-07-21 00:48:54 [info]: Job 961 has been completed.
2025-07-21 00:48:54 [info]: Job 964 has been completed.
2025-07-21 00:48:54 [info]: Job 966 has been completed.
2025-07-21 00:48:54 [info]: Job 965 has been completed.
2025-07-21 00:48:54 [info]: Job 967 has been completed.
2025-07-21 00:48:54 [info]: Job 968 has been completed.
2025-07-21 00:48:54 [info]: Job 969 has been completed.
2025-07-21 00:48:54 [info]: Job 970 has been completed.
2025-07-21 00:48:54 [info]: Job 971 has been completed.
2025-07-21 00:48:54 [info]: Job 972 has been completed.
2025-07-21 00:48:54 [info]: Job 973 has been completed.
2025-07-21 00:48:54 [info]: Job 974 has been completed.
2025-07-21 00:48:54 [info]: Job 975 has been completed.
2025-07-21 00:48:54 [info]: Job 976 has been completed.
2025-07-21 00:48:54 [info]: Job 977 has been completed.
2025-07-21 00:48:54 [info]: Job 978 has been completed.
2025-07-21 00:48:54 [info]: Job 979 has been completed.
2025-07-21 00:48:54 [info]: Job 980 has been completed.
2025-07-21 00:48:54 [info]: Job 981 has been completed.
2025-07-21 00:48:54 [info]: Job 982 has been completed.
2025-07-21 00:48:55 [info]: Job 983 has been completed.
2025-07-21 00:48:55 [info]: Job 984 has been completed.
2025-07-21 00:48:55 [info]: Job 985 has been completed.
2025-07-21 00:48:55 [info]: Job 986 has been completed.
2025-07-21 00:48:55 [info]: Job 987 has been completed.
2025-07-21 00:48:55 [info]: Job 988 has been completed.
2025-07-21 00:48:55 [info]: Job 989 has been completed.
2025-07-21 00:48:55 [info]: Job 990 has been completed.
2025-07-21 00:48:55 [info]: Job 991 has been completed.
2025-07-21 00:48:55 [info]: Job 992 has been completed.
2025-07-21 00:48:55 [info]: Job 993 has been completed.
2025-07-21 00:48:55 [info]: Job 994 has been completed.
2025-07-21 00:48:55 [info]: Job 995 has been completed.
2025-07-21 00:48:55 [info]: Job 996 has been completed.
2025-07-21 00:48:55 [info]: Job 998 has been completed.
2025-07-21 00:48:55 [info]: Job 997 has been completed.
2025-07-21 00:48:55 [info]: Job 999 has been completed.
2025-07-21 00:48:55 [info]: Job 1000 has been completed.
2025-07-21 00:48:55 [info]: Job 1001 has been completed.
2025-07-21 00:48:55 [info]: Job 1003 has been completed.
2025-07-21 00:48:55 [info]: Job 1002 has been completed.
2025-07-21 00:48:55 [info]: Job 1004 has been completed.
2025-07-21 00:48:55 [info]: Job 1005 has been completed.
2025-07-21 00:48:55 [info]: Job 1006 has been completed.
2025-07-21 00:48:55 [info]: Job 1007 has been completed.
2025-07-21 00:48:55 [info]: Job 1008 has been completed.
2025-07-21 00:48:55 [info]: Job 1009 has been completed.
2025-07-21 00:48:55 [info]: Job 1010 has been completed.
2025-07-21 00:48:55 [info]: Job 1011 has been completed.
2025-07-21 00:48:55 [info]: Job 1012 has been completed.
2025-07-21 00:48:55 [info]: Job 1013 has been completed.
2025-07-21 00:48:55 [info]: Job 1014 has been completed.
2025-07-21 00:48:55 [info]: Job 1015 has been completed.
2025-07-21 00:48:55 [info]: Job 1016 has been completed.
2025-07-21 00:48:56 [info]: Job 1017 has been completed.
2025-07-21 00:48:56 [info]: Job 1018 has been completed.
2025-07-21 00:48:56 [info]: Job 1019 has been completed.
2025-07-21 00:48:56 [info]: Job 1021 has been completed.
2025-07-21 00:48:56 [info]: Job 1020 has been completed.
2025-07-21 00:48:56 [info]: Job 1023 has been completed.
2025-07-21 00:48:56 [info]: Job 1022 has been completed.
2025-07-21 00:48:56 [info]: Job 1024 has been completed.
2025-07-21 00:48:56 [info]: Job 1025 has been completed.
2025-07-21 00:48:56 [info]: Job 1026 has been completed.
2025-07-21 00:48:56 [info]: Job 1028 has been completed.
2025-07-21 00:48:56 [info]: Job 1027 has been completed.
2025-07-21 00:48:56 [info]: Job 1029 has been completed.
2025-07-21 00:48:56 [info]: Job 1030 has been completed.
2025-07-21 00:48:56 [info]: Job 1031 has been completed.
2025-07-21 00:48:56 [info]: Job 1032 has been completed.
2025-07-21 00:48:56 [info]: Job 1033 has been completed.
2025-07-21 00:48:56 [info]: Job 1034 has been completed.
2025-07-21 00:48:56 [info]: Job 1036 has been completed.
2025-07-21 00:48:56 [info]: Job 1035 has been completed.
2025-07-21 00:48:56 [info]: Job 1037 has been completed.
2025-07-21 00:48:56 [info]: Job 1038 has been completed.
2025-07-21 00:48:56 [info]: Job 1039 has been completed.
2025-07-21 00:48:56 [info]: Job 1041 has been completed.
2025-07-21 00:48:56 [info]: Job 1040 has been completed.
2025-07-21 00:48:56 [info]: Job 1042 has been completed.
2025-07-21 00:48:56 [info]: Job 1043 has been completed.
2025-07-21 00:48:56 [info]: Job 1044 has been completed.
2025-07-21 00:48:57 [info]: Job 1045 has been completed.
2025-07-21 00:48:57 [info]: Job 1046 has been completed.
2025-07-21 00:48:57 [info]: Job 1047 has been completed.
2025-07-21 00:48:57 [info]: Job 1049 has been completed.
2025-07-21 00:48:57 [info]: Job 1048 has been completed.
2025-07-21 00:48:57 [info]: Job 1050 has been completed.
2025-07-21 00:48:57 [info]: Job 1051 has been completed.
2025-07-21 00:48:57 [info]: Job 1052 has been completed.
2025-07-21 00:48:57 [info]: Job 1054 has been completed.
2025-07-21 00:48:57 [info]: Job 1053 has been completed.
2025-07-21 00:48:57 [info]: Job 1055 has been completed.
2025-07-21 00:48:57 [info]: Job 1056 has been completed.
2025-07-21 00:48:57 [info]: Job 1057 has been completed.
2025-07-21 00:48:57 [info]: Job 1059 has been completed.
2025-07-21 00:48:57 [info]: Job 1058 has been completed.
2025-07-21 00:48:57 [info]: Job 1061 has been completed.
2025-07-21 00:48:57 [info]: Job 1060 has been completed.
2025-07-21 00:48:57 [info]: Job 1062 has been completed.
2025-07-21 00:48:57 [info]: Job 1063 has been completed.
2025-07-21 00:48:57 [info]: Job 1064 has been completed.
2025-07-21 00:48:57 [info]: Job 1065 has been completed.
2025-07-21 00:48:57 [info]: Job 1066 has been completed.
2025-07-21 00:48:57 [info]: Job 1067 has been completed.
2025-07-21 00:48:57 [info]: Job 1068 has been completed.
2025-07-21 00:48:57 [info]: Job 1069 has been completed.
2025-07-21 00:48:57 [info]: Job 1070 has been completed.
2025-07-21 00:48:57 [info]: Job 1071 has been completed.
2025-07-21 00:48:57 [info]: Job 1072 has been completed.
2025-07-21 00:48:57 [info]: Job 1074 has been completed.
2025-07-21 00:48:57 [info]: Job 1073 has been completed.
2025-07-21 00:48:57 [info]: Job 1075 has been completed.
2025-07-21 00:48:57 [info]: Job 1076 has been completed.
2025-07-21 00:48:57 [info]: Job 1077 has been completed.
2025-07-21 00:48:57 [info]: Job 1078 has been completed.
2025-07-21 00:48:57 [info]: Job 1079 has been completed.
2025-07-21 00:48:57 [info]: Job 1080 has been completed.
2025-07-21 00:48:58 [info]: Job 1081 has been completed.
2025-07-21 00:48:58 [info]: Job 1084 has been completed.
2025-07-21 00:48:58 [info]: Job 1083 has been completed.
2025-07-21 00:48:58 [info]: Job 1082 has been completed.
2025-07-21 00:48:58 [info]: Job 1085 has been completed.
2025-07-21 00:48:58 [info]: Job 1086 has been completed.
2025-07-21 00:50:27 [info]: Initial fetch and queue on app start...
2025-07-21 00:50:27 [info]: Redis connected
2025-07-21 00:50:28 [info]: MongoDB connected: ac-v6wuotg-shard-00-00.ponmbct.mongodb.net
2025-07-21 00:50:29 [info]: Parsed 50 jobs from https://jobicy.com/?feed=job_feed
2025-07-21 00:50:30 [info]: Parsed 7 jobs from https://jobicy.com/?feed=job_feed&job_categories=smm&job_types=full-time
2025-07-21 00:50:31 [info]: Parsed 11 jobs from https://jobicy.com/?feed=job_feed&job_categories=seller&job_types=full-time&search_region=france
2025-07-21 00:50:32 [info]: Parsed 50 jobs from https://jobicy.com/?feed=job_feed&job_categories=design-multimedia
2025-07-21 00:50:33 [info]: Parsed 50 jobs from https://jobicy.com/?feed=job_feed&job_categories=data-science
2025-07-21 00:50:35 [info]: Parsed 33 jobs from https://jobicy.com/?feed=job_feed&job_categories=copywriting
2025-07-21 00:50:35 [info]: Parsed 50 jobs from https://jobicy.com/?feed=job_feed&job_categories=business
2025-07-21 00:50:37 [info]: Parsed 50 jobs from https://jobicy.com/?feed=job_feed&job_categories=management
2025-07-21 00:50:38 [warn]: No items found in feed: https://www.higheredjobs.com/rss/articleFeed.cfm
2025-07-21 00:50:38 [info]: Job 1088 has been completed.
2025-07-21 00:50:38 [info]: Job 1087 has been completed.
2025-07-21 00:50:38 [info]: Job 1091 has been completed.
2025-07-21 00:50:38 [info]: Job 1092 has been completed.
2025-07-21 00:50:38 [info]: Job 1094 has been completed.
2025-07-21 00:50:38 [info]: Job 1090 has been completed.
2025-07-21 00:50:39 [info]: Job 1089 has been completed.
2025-07-21 00:50:39 [info]: Job 1096 has been completed.
2025-07-21 00:50:39 [info]: Job 1097 has been completed.
2025-07-21 00:50:39 [info]: Job 1098 has been completed.
2025-07-21 00:50:39 [info]: Job 1093 has been completed.
2025-07-21 00:50:39 [info]: Job 1099 has been completed.
2025-07-21 00:50:39 [info]: Job 1100 has been completed.
2025-07-21 00:50:39 [info]: Job 1101 has been completed.
2025-07-21 00:50:39 [info]: Job 1095 has been completed.
2025-07-21 00:50:39 [info]: Job 1103 has been completed.
2025-07-21 00:50:39 [info]: Job 1102 has been completed.
2025-07-21 00:50:39 [info]: Job 1104 has been completed.
2025-07-21 00:50:39 [info]: Job 1105 has been completed.
2025-07-21 00:50:39 [info]: Job 1106 has been completed.
2025-07-21 00:50:39 [info]: Job 1107 has been completed.
2025-07-21 00:50:39 [info]: Job 1108 has been completed.
2025-07-21 00:50:39 [info]: Job 1109 has been completed.
2025-07-21 00:50:39 [info]: Job 1110 has been completed.
2025-07-21 00:50:39 [info]: Job 1111 has been completed.
2025-07-21 00:50:39 [info]: Job 1112 has been completed.
2025-07-21 00:50:39 [info]: Job 1114 has been completed.
2025-07-21 00:50:39 [info]: Job 1113 has been completed.
2025-07-21 00:50:39 [info]: Job 1115 has been completed.
2025-07-21 00:50:39 [info]: Job 1116 has been completed.
2025-07-21 00:50:39 [info]: Job 1117 has been completed.
2025-07-21 00:50:39 [info]: Job 1119 has been completed.
2025-07-21 00:50:39 [info]: Job 1120 has been completed.
2025-07-21 00:50:39 [info]: Job 1118 has been completed.
2025-07-21 00:50:39 [info]: Job 1121 has been completed.
2025-07-21 00:50:39 [info]: Job 1122 has been completed.
2025-07-21 00:50:39 [info]: Job 1124 has been completed.
2025-07-21 00:50:39 [info]: Job 1123 has been completed.
2025-07-21 00:50:39 [info]: Job 1125 has been completed.
2025-07-21 00:50:39 [info]: Job 1126 has been completed.
2025-07-21 00:50:39 [info]: Job 1127 has been completed.
2025-07-21 00:50:39 [info]: Job 1128 has been completed.
2025-07-21 00:50:39 [info]: Job 1129 has been completed.
2025-07-21 00:50:39 [info]: Job 1130 has been completed.
2025-07-21 00:50:40 [info]: Job 1131 has been completed.
2025-07-21 00:50:40 [info]: Job 1132 has been completed.
2025-07-21 00:50:40 [info]: Job 1133 has been completed.
2025-07-21 00:50:40 [info]: Job 1135 has been completed.
2025-07-21 00:50:40 [info]: Job 1134 has been completed.
2025-07-21 00:50:40 [info]: Job 1136 has been completed.
2025-07-21 00:50:40 [info]: Job 1137 has been completed.
2025-07-21 00:50:40 [info]: Job 1138 has been completed.
2025-07-21 00:50:40 [info]: Job 1139 has been completed.
2025-07-21 00:50:40 [info]: Job 1140 has been completed.
2025-07-21 00:50:40 [info]: Job 1141 has been completed.
2025-07-21 00:50:40 [info]: Job 1142 has been completed.
2025-07-21 00:50:40 [info]: Job 1143 has been completed.
2025-07-21 00:50:40 [info]: Job 1144 has been completed.
2025-07-21 00:50:40 [info]: Job 1145 has been completed.
2025-07-21 00:50:40 [info]: Job 1146 has been completed.
2025-07-21 00:50:40 [info]: Job 1147 has been completed.
2025-07-21 00:50:40 [info]: Job 1148 has been completed.
2025-07-21 00:50:40 [info]: Job 1149 has been completed.
2025-07-21 00:50:40 [info]: Job 1151 has been completed.
2025-07-21 00:50:40 [info]: Job 1150 has been completed.
2025-07-21 00:50:40 [info]: Job 1152 has been completed.
2025-07-21 00:50:40 [info]: Job 1153 has been completed.
2025-07-21 00:50:40 [info]: Job 1154 has been completed.
2025-07-21 00:50:40 [info]: Job 1155 has been completed.
2025-07-21 00:50:40 [info]: Job 1156 has been completed.
2025-07-21 00:50:40 [info]: Job 1157 has been completed.
2025-07-21 00:50:40 [info]: Job 1158 has been completed.
2025-07-21 00:50:40 [info]: Job 1159 has been completed.
2025-07-21 00:50:40 [info]: Job 1161 has been completed.
2025-07-21 00:50:40 [info]: Job 1160 has been completed.
2025-07-21 00:50:40 [info]: Job 1162 has been completed.
2025-07-21 00:50:40 [info]: Job 1163 has been completed.
2025-07-21 00:50:40 [info]: Job 1165 has been completed.
2025-07-21 00:50:41 [info]: Job 1164 has been completed.
2025-07-21 00:50:41 [info]: Job 1166 has been completed.
2025-07-21 00:50:41 [info]: Job 1167 has been completed.
2025-07-21 00:50:41 [info]: Job 1168 has been completed.
2025-07-21 00:50:41 [info]: Job 1169 has been completed.
2025-07-21 00:50:41 [info]: Job 1170 has been completed.
2025-07-21 00:50:41 [info]: Job 1171 has been completed.
2025-07-21 00:50:41 [info]: Job 1172 has been completed.
2025-07-21 00:50:41 [info]: Job 1173 has been completed.
2025-07-21 00:50:41 [info]: Job 1174 has been completed.
2025-07-21 00:50:41 [info]: Job 1175 has been completed.
2025-07-21 00:50:41 [info]: Job 1176 has been completed.
2025-07-21 00:50:41 [info]: Job 1177 has been completed.
2025-07-21 00:50:41 [info]: Job 1178 has been completed.
2025-07-21 00:50:41 [info]: Job 1179 has been completed.
2025-07-21 00:50:41 [info]: Job 1180 has been completed.
2025-07-21 00:50:41 [info]: Job 1181 has been completed.
2025-07-21 00:50:41 [info]: Job 1183 has been completed.
2025-07-21 00:50:41 [info]: Job 1182 has been completed.
2025-07-21 00:50:41 [info]: Job 1184 has been completed.
2025-07-21 00:50:41 [info]: Job 1186 has been completed.
2025-07-21 00:50:41 [info]: Job 1188 has been completed.
2025-07-21 00:50:41 [info]: Job 1187 has been completed.
2025-07-21 00:50:41 [info]: Job 1185 has been completed.
2025-07-21 00:50:41 [info]: Job 1189 has been completed.
2025-07-21 00:50:41 [info]: Job 1190 has been completed.
2025-07-21 00:50:41 [info]: Job 1191 has been completed.
2025-07-21 00:50:41 [info]: Job 1192 has been completed.
2025-07-21 00:50:41 [info]: Job 1193 has been completed.
2025-07-21 00:50:41 [info]: Job 1194 has been completed.
2025-07-21 00:50:41 [info]: Job 1195 has been completed.
2025-07-21 00:50:41 [info]: Job 1196 has been completed.
2025-07-21 00:50:41 [info]: Job 1197 has been completed.
2025-07-21 00:50:41 [info]: Job 1198 has been completed.
2025-07-21 00:50:41 [info]: Job 1199 has been completed.
2025-07-21 00:50:41 [info]: Job 1200 has been completed.
2025-07-21 00:50:41 [info]: Job 1201 has been completed.
2025-07-21 00:50:41 [info]: Job 1202 has been completed.
2025-07-21 00:50:41 [info]: Job 1203 has been completed.
2025-07-21 00:50:41 [info]: Job 1205 has been completed.
2025-07-21 00:50:41 [info]: Job 1204 has been completed.
2025-07-21 00:50:42 [info]: Job 1207 has been completed.
2025-07-21 00:50:42 [info]: Job 1206 has been completed.
2025-07-21 00:50:42 [info]: Job 1208 has been completed.
2025-07-21 00:50:42 [info]: Job 1209 has been completed.
2025-07-21 00:50:42 [info]: Job 1210 has been completed.
2025-07-21 00:50:42 [info]: Job 1212 has been completed.
2025-07-21 00:50:42 [info]: Job 1211 has been completed.
2025-07-21 00:50:42 [info]: Job 1213 has been completed.
2025-07-21 00:50:42 [info]: Job 1215 has been completed.
2025-07-21 00:50:42 [info]: Job 1214 has been completed.
2025-07-21 00:50:42 [info]: Job 1216 has been completed.
2025-07-21 00:50:42 [info]: Job 1217 has been completed.
2025-07-21 00:50:42 [info]: Job 1218 has been completed.
2025-07-21 00:50:42 [info]: Job 1221 has been completed.
2025-07-21 00:50:42 [info]: Job 1222 has been completed.
2025-07-21 00:50:42 [info]: Job 1220 has been completed.
2025-07-21 00:50:42 [info]: Job 1219 has been completed.
2025-07-21 00:50:42 [info]: Job 1223 has been completed.
2025-07-21 00:50:42 [info]: Job 1224 has been completed.
2025-07-21 00:50:42 [info]: Job 1225 has been completed.
2025-07-21 00:50:42 [info]: Job 1227 has been completed.
2025-07-21 00:50:42 [info]: Job 1226 has been completed.
2025-07-21 00:50:42 [info]: Job 1228 has been completed.
2025-07-21 00:50:42 [info]: Job 1229 has been completed.
2025-07-21 00:50:42 [info]: Job 1230 has been completed.
2025-07-21 00:50:42 [info]: Job 1231 has been completed.
2025-07-21 00:50:42 [info]: Job 1232 has been completed.
2025-07-21 00:50:42 [info]: Job 1233 has been completed.
2025-07-21 00:50:42 [info]: Job 1234 has been completed.
2025-07-21 00:50:42 [info]: Job 1236 has been completed.
2025-07-21 00:50:43 [info]: Job 1235 has been completed.
2025-07-21 00:50:43 [info]: Job 1237 has been completed.
2025-07-21 00:50:43 [info]: Job 1238 has been completed.
2025-07-21 00:50:43 [info]: Job 1239 has been completed.
2025-07-21 00:50:43 [info]: Job 1240 has been completed.
2025-07-21 00:50:43 [info]: Job 1241 has been completed.
2025-07-21 00:50:43 [info]: Job 1242 has been completed.
2025-07-21 00:50:43 [info]: Job 1243 has been completed.
2025-07-21 00:50:43 [info]: Job 1244 has been completed.
2025-07-21 00:50:43 [info]: Job 1246 has been completed.
2025-07-21 00:50:43 [info]: Job 1245 has been completed.
2025-07-21 00:50:43 [info]: Job 1247 has been completed.
2025-07-21 00:50:43 [info]: Job 1248 has been completed.
2025-07-21 00:50:43 [info]: Job 1249 has been completed.
2025-07-21 00:50:43 [info]: Job 1250 has been completed.
2025-07-21 00:50:43 [info]: Job 1251 has been completed.
2025-07-21 00:50:43 [info]: Job 1252 has been completed.
2025-07-21 00:50:43 [info]: Job 1253 has been completed.
2025-07-21 00:50:43 [info]: Job 1254 has been completed.
2025-07-21 00:50:43 [info]: Job 1255 has been completed.
2025-07-21 00:50:43 [info]: Job 1257 has been completed.
2025-07-21 00:50:43 [info]: Job 1256 has been completed.
2025-07-21 00:50:43 [info]: Job 1258 has been completed.
2025-07-21 00:50:43 [info]: Job 1259 has been completed.
2025-07-21 00:50:43 [info]: Job 1260 has been completed.
2025-07-21 00:50:43 [info]: Job 1261 has been completed.
2025-07-21 00:50:43 [info]: Job 1262 has been completed.
2025-07-21 00:50:43 [info]: Job 1263 has been completed.
2025-07-21 00:50:43 [info]: Job 1264 has been completed.
2025-07-21 00:50:44 [info]: Job 1265 has been completed.
2025-07-21 00:50:44 [info]: Job 1266 has been completed.
2025-07-21 00:50:44 [info]: Job 1267 has been completed.
2025-07-21 00:50:44 [info]: Job 1268 has been completed.
2025-07-21 00:50:44 [info]: Job 1269 has been completed.
2025-07-21 00:50:44 [info]: Job 1270 has been completed.
2025-07-21 00:50:44 [info]: Job 1272 has been completed.
2025-07-21 00:50:44 [info]: Job 1271 has been completed.
2025-07-21 00:50:44 [info]: Job 1273 has been completed.
2025-07-21 00:50:44 [info]: Job 1274 has been completed.
2025-07-21 00:50:44 [info]: Job 1275 has been completed.
2025-07-21 00:50:44 [info]: Job 1276 has been completed.
2025-07-21 00:50:44 [info]: Job 1277 has been completed.
2025-07-21 00:50:44 [info]: Job 1278 has been completed.
2025-07-21 00:50:44 [info]: Job 1279 has been completed.
2025-07-21 00:50:44 [info]: Job 1280 has been completed.
2025-07-21 00:50:44 [info]: Job 1281 has been completed.
2025-07-21 00:50:44 [info]: Job 1282 has been completed.
2025-07-21 00:50:44 [info]: Job 1283 has been completed.
2025-07-21 00:50:44 [info]: Job 1284 has been completed.
2025-07-21 00:50:44 [info]: Job 1285 has been completed.
2025-07-21 00:50:44 [info]: Job 1286 has been completed.
2025-07-21 00:50:44 [info]: Job 1287 has been completed.
2025-07-21 00:50:44 [info]: Job 1288 has been completed.
2025-07-21 00:50:44 [info]: Job 1291 has been completed.
2025-07-21 00:50:44 [info]: Job 1290 has been completed.
2025-07-21 00:50:44 [info]: Job 1289 has been completed.
2025-07-21 00:50:44 [info]: Job 1292 has been completed.
2025-07-21 00:50:44 [info]: Job 1293 has been completed.
2025-07-21 00:50:44 [info]: Job 1294 has been completed.
2025-07-21 00:50:44 [info]: Job 1295 has been completed.
2025-07-21 00:50:44 [info]: Job 1296 has been completed.
2025-07-21 00:50:44 [info]: Job 1297 has been completed.
2025-07-21 00:50:44 [info]: Job 1298 has been completed.
2025-07-21 00:50:44 [info]: Job 1299 has been completed.
2025-07-21 00:50:44 [info]: Job 1300 has been completed.
2025-07-21 00:50:44 [info]: Job 1301 has been completed.
2025-07-21 00:50:44 [info]: Job 1302 has been completed.
2025-07-21 00:50:44 [info]: Job 1303 has been completed.
2025-07-21 00:50:44 [info]: Job 1304 has been completed.
2025-07-21 00:50:44 [info]: Job 1306 has been completed.
2025-07-21 00:50:44 [info]: Job 1305 has been completed.
2025-07-21 00:50:44 [info]: Job 1307 has been completed.
2025-07-21 00:50:45 [info]: Job 1308 has been completed.
2025-07-21 00:50:45 [info]: Job 1309 has been completed.
2025-07-21 00:50:45 [info]: Job 1311 has been completed.
2025-07-21 00:50:45 [info]: Job 1310 has been completed.
2025-07-21 00:50:45 [info]: Job 1312 has been completed.
2025-07-21 00:50:45 [info]: Job 1314 has been completed.
2025-07-21 00:50:45 [info]: Job 1313 has been completed.
2025-07-21 00:50:45 [info]: Job 1316 has been completed.
2025-07-21 00:50:45 [info]: Job 1315 has been completed.
2025-07-21 00:50:45 [info]: Job 1317 has been completed.
2025-07-21 00:50:45 [info]: Job 1318 has been completed.
2025-07-21 00:50:45 [info]: Job 1319 has been completed.
2025-07-21 00:50:45 [info]: Job 1321 has been completed.
2025-07-21 00:50:45 [info]: Job 1320 has been completed.
2025-07-21 00:50:45 [info]: Job 1323 has been completed.
2025-07-21 00:50:45 [info]: Job 1322 has been completed.
2025-07-21 00:50:45 [info]: Job 1324 has been completed.
2025-07-21 00:50:45 [info]: Job 1325 has been completed.
2025-07-21 00:50:45 [info]: Job 1327 has been completed.
2025-07-21 00:50:45 [info]: Job 1328 has been completed.
2025-07-21 00:50:45 [info]: Job 1330 has been completed.
2025-07-21 00:50:45 [info]: Job 1329 has been completed.
2025-07-21 00:50:45 [info]: Job 1331 has been completed.
2025-07-21 00:50:45 [info]: Job 1332 has been completed.
2025-07-21 00:50:45 [info]: Job 1333 has been completed.
2025-07-21 00:50:45 [info]: Job 1334 has been completed.
2025-07-21 00:50:46 [info]: Job 1326 has been completed.
2025-07-21 00:50:46 [info]: Job 1335 has been completed.
2025-07-21 00:50:46 [info]: Job 1336 has been completed.
2025-07-21 00:50:46 [info]: Job 1338 has been completed.
2025-07-21 00:50:46 [info]: Job 1337 has been completed.
2025-07-21 00:50:46 [info]: Job 1339 has been completed.
2025-07-21 00:50:46 [info]: Job 1340 has been completed.
2025-07-21 00:50:46 [info]: Job 1342 has been completed.
2025-07-21 00:50:46 [info]: Job 1343 has been completed.
2025-07-21 00:50:46 [info]: Job 1341 has been completed.
2025-07-21 00:50:46 [info]: Job 1344 has been completed.
2025-07-21 00:50:46 [info]: Job 1345 has been completed.
2025-07-21 00:50:46 [info]: Job 1346 has been completed.
2025-07-21 00:50:46 [info]: Job 1348 has been completed.
2025-07-21 00:50:46 [info]: Job 1347 has been completed.
2025-07-21 00:50:46 [info]: Job 1349 has been completed.
2025-07-21 00:50:46 [info]: Job 1350 has been completed.
2025-07-21 00:50:46 [info]: Job 1352 has been completed.
2025-07-21 00:50:46 [info]: Job 1351 has been completed.
2025-07-21 00:50:46 [info]: Job 1353 has been completed.
2025-07-21 00:50:46 [info]: Job 1354 has been completed.
2025-07-21 00:50:46 [info]: Job 1355 has been completed.
2025-07-21 00:50:46 [info]: Job 1356 has been completed.
2025-07-21 00:50:46 [info]: Job 1357 has been completed.
2025-07-21 00:50:46 [info]: Job 1358 has been completed.
2025-07-21 00:50:46 [info]: Job 1359 has been completed.
2025-07-21 00:50:46 [info]: Job 1360 has been completed.
2025-07-21 00:50:46 [info]: Job 1361 has been completed.
2025-07-21 00:50:46 [info]: Job 1362 has been completed.
2025-07-21 00:50:46 [info]: Job 1363 has been completed.
2025-07-21 00:50:46 [info]: Job 1364 has been completed.
2025-07-21 00:50:46 [info]: Job 1365 has been completed.
2025-07-21 00:50:46 [info]: Job 1366 has been completed.
2025-07-21 00:50:46 [info]: Job 1368 has been completed.
2025-07-21 00:50:46 [info]: Job 1367 has been completed.
2025-07-21 00:50:46 [info]: Job 1369 has been completed.
2025-07-21 00:50:46 [info]: Job 1370 has been completed.
2025-07-21 00:50:46 [info]: Job 1371 has been completed.
2025-07-21 00:50:46 [info]: Job 1372 has been completed.
2025-07-21 00:50:46 [info]: Job 1373 has been completed.
2025-07-21 00:50:46 [info]: Job 1374 has been completed.
2025-07-21 00:50:46 [info]: Job 1375 has been completed.
2025-07-21 00:50:47 [info]: Job 1376 has been completed.
2025-07-21 00:50:47 [info]: Job 1377 has been completed.
2025-07-21 00:50:47 [info]: Job 1378 has been completed.
2025-07-21 00:50:47 [info]: Job 1379 has been completed.
2025-07-21 00:50:47 [info]: Job 1380 has been completed.
2025-07-21 00:50:47 [info]: Job 1381 has been completed.
2025-07-21 00:50:47 [info]: Job 1382 has been completed.
2025-07-21 00:50:47 [info]: Job 1384 has been completed.
2025-07-21 00:50:47 [info]: Job 1383 has been completed.
2025-07-21 00:50:47 [info]: Job 1385 has been completed.
2025-07-21 00:50:47 [info]: Job 1386 has been completed.
2025-07-21 00:50:47 [info]: Job 1387 has been completed.
2025-07-21 01:40:05 [info]: Initial fetch and queue on app start...
2025-07-21 01:40:05 [info]: Redis connected
2025-07-21 01:40:05 [info]: MongoDB connected: ac-v6wuotg-shard-00-00.ponmbct.mongodb.net
2025-07-21 01:40:07 [info]: Parsed 50 jobs from https://jobicy.com/?feed=job_feed
2025-07-21 01:40:07 [info]: Parsed 7 jobs from https://jobicy.com/?feed=job_feed&job_categories=smm&job_types=full-time
2025-07-21 01:40:08 [info]: Parsed 11 jobs from https://jobicy.com/?feed=job_feed&job_categories=seller&job_types=full-time&search_region=france
2025-07-21 01:40:09 [info]: Parsed 50 jobs from https://jobicy.com/?feed=job_feed&job_categories=design-multimedia
2025-07-21 01:40:09 [info]: Parsed 50 jobs from https://jobicy.com/?feed=job_feed&job_categories=data-science
2025-07-21 01:40:10 [info]: Parsed 33 jobs from https://jobicy.com/?feed=job_feed&job_categories=copywriting
2025-07-21 01:40:10 [info]: Parsed 50 jobs from https://jobicy.com/?feed=job_feed&job_categories=business
2025-07-21 01:40:11 [info]: Parsed 50 jobs from https://jobicy.com/?feed=job_feed&job_categories=management
2025-07-21 01:40:11 [warn]: No items found in feed: https://www.higheredjobs.com/rss/articleFeed.cfm
2025-07-21 01:40:41 [info]: Initial fetch and queue on app start...
2025-07-21 01:40:41 [info]: Redis connected
2025-07-21 01:40:41 [info]: MongoDB connected: ac-v6wuotg-shard-00-00.ponmbct.mongodb.net
2025-07-21 01:40:42 [info]: Parsed 50 jobs from https://jobicy.com/?feed=job_feed
2025-07-21 01:40:43 [info]: Parsed 7 jobs from https://jobicy.com/?feed=job_feed&job_categories=smm&job_types=full-time
2025-07-21 01:40:43 [info]: Parsed 11 jobs from https://jobicy.com/?feed=job_feed&job_categories=seller&job_types=full-time&search_region=france
2025-07-21 01:40:43 [info]: Parsed 50 jobs from https://jobicy.com/?feed=job_feed&job_categories=design-multimedia
2025-07-21 01:40:44 [info]: Parsed 50 jobs from https://jobicy.com/?feed=job_feed&job_categories=data-science
2025-07-21 01:40:44 [info]: Parsed 33 jobs from https://jobicy.com/?feed=job_feed&job_categories=copywriting
2025-07-21 01:40:45 [info]: Parsed 50 jobs from https://jobicy.com/?feed=job_feed&job_categories=business
2025-07-21 01:40:45 [info]: Parsed 50 jobs from https://jobicy.com/?feed=job_feed&job_categories=management
2025-07-21 01:40:45 [warn]: No items found in feed: https://www.higheredjobs.com/rss/articleFeed.cfm
